2023-03-21T14:26:58.366Z { Version: "5.6.0.3404" }: [INF] Initiating clean up at logs
2023-03-21T14:26:58.364Z { Version: "5.6.0.3404" }: [INF] Target framework .NET 6.0.11
2023-03-21T14:26:58.392Z { Version: "5.6.0.3404" }: [INF] Initiating clean up at pcoip
2023-03-21T14:26:58.397Z { Version: "5.6.0.3404" }: [DBG] Launched from cli
2023-03-21T14:26:58.462Z { Version: "5.6.0.3404" }: [DBG] Registry value Software\Amazon Web Services. LLC\Amazon WorkSpacesEnableHwAcc Does Not Exists
2023-03-21T14:26:58.462Z { Version: "5.6.0.3404" }: [DBG] Hardware acceleration enabled from UserSettings file.
2023-03-21T14:26:58.530Z { Version: "5.6.0.3404" }: [DBG] Setting Session factory
2023-03-21T14:26:58.534Z { Version: "5.6.0.3404" }: [DBG] Recording Metric-> Application::Launch=1
2023-03-21T14:26:58.886Z { Version: "5.6.0.3404" }: [WRN] Exception occurred while reading setting: No value for key: HKEY_LOCAL_MACHINE\SOFTWARE\Amazon\Amazon WorkSpaces Client\clientUpgradeDisabled
2023-03-21T14:26:58.913Z { Version: "5.6.0.3404" }: [WRN] Local OS: Windows , Version: [64 bit OS] 10.0.22621.0
2023-03-21T14:26:58.931Z { Version: "5.6.0.3404" }: [DBG] WorkspaceStateChange: Init
2023-03-21T14:26:58.932Z { Version: "5.6.0.3404" }: [ERR] File 'LoginPageProperties.json' is not found
2023-03-21T14:26:59.214Z { Version: "5.6.0.3404" }: [INF] Navigating to Use Case WorkSpacesClient.Common.UseCases.BeginPreSessionUseCase.BeginPreSessionPresenter
2023-03-21T14:26:59.227Z { Version: "5.6.0.3404" }: [DBG] CredentialCache.DefaultCredentials is set to acutal system proxy
2023-03-21T14:26:59.228Z { Version: "5.6.0.3404" }: [INF] HttpClient created using SystemProxy from settings: SystemProxy -> 127.0.0.1:8080
2023-03-21T14:26:59.293Z { Version: "5.6.0.3404" }: [INF] Before <BeginUseCase> CPU:0% Memory:196,880.000kb
2023-03-21T14:26:59.297Z { Version: "5.6.0.3404" }: [INF] Resolving region for: WSpdx+JPPATZ
2023-03-21T14:26:59.298Z { Version: "5.6.0.3404" }: [INF] Region Key obtained from code: WSpdx
2023-03-21T14:26:59.300Z { Version: "5.6.0.3404" }: [INF] Checking for localization update
2023-03-21T14:26:59.328Z { Version: "5.6.0.3404" }: [INF] Local language assets version: 1
2023-03-21T14:26:59.328Z { Version: "5.6.0.3404" }: [INF] Requesting language updates from: https://ws-client-service.us-west-2.amazonaws.com/configuration/GetLocalizationAssets
2023-03-21T14:26:59.350Z { Version: "5.6.0.3404" }: [INF] Checking for error definitions update
2023-03-21T14:26:59.351Z { Version: "5.6.0.3404" }: [INF] Local languages version: 1 | Local error definitions version: 1
2023-03-21T14:26:59.351Z { Version: "5.6.0.3404" }: [INF] Requesting error definition updates from: https://ws-client-service.us-west-2.amazonaws.com/configuration/GetErrorDefinition
2023-03-21T14:26:59.379Z { Version: "5.6.0.3404" }: [DBG] GetAuthInfo Request Amzn-id: ed5fb1b6-1591-409b-9e68-b7e69314e0c6
2023-03-21T14:26:59.814Z { Version: "5.6.0.3404" }: [DBG] Check for Custom udate URL https://d2td7dqidlhjx7.cloudfront.net/custom/prod/pdx/d-92673560a3/windows/WorkSpacesAppCast.xml returned OverrideDoesNotExists
2023-03-21T14:26:59.814Z { Version: "5.6.0.3404" }: [DBG] Setting the Update FeedURL URL to https://d2td7dqidlhjx7.cloudfront.net/prod/pdx/windows/WorkSpacesAppCastx64.xml
2023-03-21T14:27:00.099Z { Version: "5.6.0.3404" }: [ERR] Error while making a request to : https://ws-client-service.us-west-2.amazonaws.com/configuration/GetErrorDefinition. Message: Response status code does not indicate success: 403 (Forbidden).
2023-03-21T14:27:00.099Z { Version: "5.6.0.3404" }: [ERR] Error while making a request to : https://ws-client-service.us-west-2.amazonaws.com/configuration/GetLocalizationAssets. Message: Response status code does not indicate success: 403 (Forbidden).
2023-03-21T14:27:00.100Z { Version: "5.6.0.3404" }: [ERR] Exception occured during locale remote configuration: HttpClient4xxNetworkError
2023-03-21T14:27:00.100Z { Version: "5.6.0.3404" }: [ERR] Exception occured during error-definition remote configuration: HttpClient4xxNetworkError
2023-03-21T14:27:00.101Z { Version: "5.6.0.3404" }: [INF] No changes to localization
2023-03-21T14:27:00.101Z { Version: "5.6.0.3404" }: [INF] No changes to error definitions
2023-03-21T14:27:00.101Z { Version: "5.6.0.3404" }: [DBG] Recording Metric-> LocaleUpdate::Error=0
2023-03-21T14:27:00.101Z { Version: "5.6.0.3404" }: [DBG] Recording Metric-> ErrorUpdate::Error=0
2023-03-21T14:27:00.101Z { Version: "5.6.0.3404" }: [DBG] Recording Metric-> LocaleUpdate::Fault=0
2023-03-21T14:27:00.102Z { Version: "5.6.0.3404" }: [DBG] Recording Metric-> ErrorUpdate::Fault=0
2023-03-21T14:27:00.542Z { Version: "5.6.0.3404" }: [DBG] Received Http WsBrokerGetAuthInfoResponse(Url: https://ws-broker-service.us-west-2.amazonaws.com/) with (SessionId: 064703f8-cdae-46af-8a9d-1b883493b0a6, OrgName: d-92673560a3, AuthMethods: [OAUTH])
2023-03-21T14:27:00.542Z { Version: "5.6.0.3404" }: [DBG] Recording Metric-> GetAuthInfo::Error=0
2023-03-21T14:27:00.543Z { Version: "5.6.0.3404" }: [DBG] Recording Metric-> GetAuthInfo::Fault=0
2023-03-21T14:27:00.559Z { Version: "5.6.0.3404" }: [DBG] WorkspaceStateChange: Registered
2023-03-21T14:27:01.466Z { Version: "5.6.0.3404" }: [ERR] Error while making a request to : https://d1cbg795sa4g1u.cloudfront.net/prod/pdx/d-92673560a3/en_US/wsassets.json. Message: Response status code does not indicate success: 403 (Forbidden).
2023-03-21T14:27:01.474Z { Version: "5.6.0.3404" }: [ERR] Exception while getting file headers from URI: https://d1cbg795sa4g1u.cloudfront.net/prod/pdx/d-92673560a3/en_US/wsassets.json. Exception: WorkSpacesClient.Common.Infrastructure.ExceptionHandler.WorkspacesClientNetworkException: HttpClient - 4xx Network error
 ---> System.Net.Http.HttpRequestException: Response status code does not indicate success: 403 (Forbidden).
   at System.Net.Http.HttpResponseMessage.EnsureSuccessStatusCode()
   at WorkSpacesClient.Common.UseCases.CommonGateways.HttpClientWorker.HttpClientWorker.SendAsync(HttpMethod method, Uri uri, Int64 timeoutTicks)
   --- End of inner exception stack trace ---
   at WorkSpacesClient.Common.UseCases.CommonGateways.HttpClientWorker.HttpClientWorker.SendAsync(HttpMethod method, Uri uri, Int64 timeoutTicks)
   at WorkSpacesClient.Common.UseCases.CommonGateways.HttpClientWorker.HttpClientWorker.SendAsync(HttpMethod method, Uri uri)
   at WorkSpacesClient.Common.UseCases.CommonGateways.FileDownloadWorker.FileDownloadWorker.GetFileHeadersAsync(Uri uri)
2023-03-21T14:27:01.837Z { Version: "5.6.0.3404" }: [INF] Remote login setting: True. Current Local admin setting: True
2023-03-21T14:27:01.838Z { Version: "5.6.0.3404" }: [INF] Remote login setting: True. Current Local admin setting: True
2023-03-21T14:27:02.134Z { Version: "5.6.0.3404" }: [INF] Remote login setting: True. Current Local admin setting: True
2023-03-21T14:27:02.134Z { Version: "5.6.0.3404" }: [INF] Remote login setting: True. Current Local admin setting: True
2023-03-21T14:27:02.146Z { Version: "5.6.0.3404" }: [INF] Remote login setting: True. Current Local admin setting: True
2023-03-21T14:27:02.146Z { Version: "5.6.0.3404" }: [INF] Remote login setting: True. Current Local admin setting: True
2023-03-21T14:27:02.172Z { Version: "5.6.0.3404" }: [INF] Remote login setting: True. Current Local admin setting: True
2023-03-21T14:27:02.172Z { Version: "5.6.0.3404" }: [INF] Remote login setting: True. Current Local admin setting: True
2023-03-21T14:27:02.183Z { Version: "5.6.0.3404" }: [DBG] Recording Metric-> HealthCheck::HcUnhealthy=1
2023-03-21T14:27:02.457Z { Version: "5.6.0.3404" }: [ERR] Error while making a request to : https://d1cbg795sa4g1u.cloudfront.net/messaging/prod/pdx/d-92673560a3/en_US/wsMessagings.json. Message: Response status code does not indicate success: 403 (Forbidden).
2023-03-21T14:27:02.458Z { Version: "5.6.0.3404" }: [ERR] Exception while getting file headers from URI: https://d1cbg795sa4g1u.cloudfront.net/messaging/prod/pdx/d-92673560a3/en_US/wsMessagings.json. Exception: WorkSpacesClient.Common.Infrastructure.ExceptionHandler.WorkspacesClientNetworkException: HttpClient - 4xx Network error
 ---> System.Net.Http.HttpRequestException: Response status code does not indicate success: 403 (Forbidden).
   at System.Net.Http.HttpResponseMessage.EnsureSuccessStatusCode()
   at WorkSpacesClient.Common.UseCases.CommonGateways.HttpClientWorker.HttpClientWorker.SendAsync(HttpMethod method, Uri uri, Int64 timeoutTicks)
   --- End of inner exception stack trace ---
   at WorkSpacesClient.Common.UseCases.CommonGateways.HttpClientWorker.HttpClientWorker.SendAsync(HttpMethod method, Uri uri, Int64 timeoutTicks)
   at WorkSpacesClient.Common.UseCases.CommonGateways.HttpClientWorker.HttpClientWorker.SendAsync(HttpMethod method, Uri uri)
   at WorkSpacesClient.Common.UseCases.CommonGateways.FileDownloadWorker.FileDownloadWorker.GetFileHeadersAsync(Uri uri)
2023-03-21T14:27:02.473Z { Version: "5.6.0.3404" }: [INF] Remote login setting: True. Current Local admin setting: True
2023-03-21T14:27:02.473Z { Version: "5.6.0.3404" }: [INF] Remote login setting: True. Current Local admin setting: True
2023-03-21T14:27:02.476Z { Version: "5.6.0.3404" }: [DBG] Recording Metric-> DescribeClientAddIns::Error=0
2023-03-21T14:27:02.476Z { Version: "5.6.0.3404" }: [DBG] Recording Metric-> DescribeClientAddIns::Fault=0
2023-03-21T14:27:02.478Z { Version: "5.6.0.3404" }: [INF] Started diagnostics upload process watcher timer
2023-03-21T14:27:02.494Z { Version: "5.6.0.3404" }: [INF] Navigating to Use Case WorkSpacesClient.Common.UseCases.Authenticate.WarpDriveAuthentication.WarpDriveAuthenticationPresenter
2023-03-21T14:27:02.537Z { Version: "5.6.0.3404" }: [DBG] Setting proxy for embedded browser
2023-03-21T14:27:02.538Z { Version: "5.6.0.3404" }: [DBG] Received login url: https://d-92673560a3.awsapps.com:443/login/?client_id=f6547774fae7346f&redirect_uri=https%3a%2f%2fskylight.local&locale=en_US
2023-03-21T14:27:02.539Z { Version: "5.6.0.3404" }: [INF] Remote login setting: True. Current Local admin setting: True
2023-03-21T14:27:02.539Z { Version: "5.6.0.3404" }: [DBG] Got IsRememberMeDisalbeResult False
2023-03-21T14:27:02.539Z { Version: "5.6.0.3404" }: [DBG] Initialize view for embedded browser
2023-03-21T14:27:02.545Z { Version: "5.6.0.3404" }: [DBG] Initializing WebView2 (version: 107.0.1418.42, browserExeFolder: C:\Program Files\Amazon Web Services, Inc\Amazon WorkSpaces\WebView2, userDataFolder: C:\Users\Yoga\AppData\Local\Amazon Web Services\Amazon WorkSpaces\webview2)
2023-03-21T14:27:02.546Z { Version: "5.6.0.3404" }: [DBG] OS level proxy will be used for WebView2 browser
2023-03-21T14:27:02.576Z { Version: "5.6.0.3404" }: [DBG] Recording Metric-> HealthCheck::HcUnhealthy=1
2023-03-21T14:27:02.589Z { Version: "5.6.0.3404" }: [INF] After <BeginUseCase> Elapsed:3306ms, CPU:1.51% Memory:221,368.000kb
2023-03-21T14:27:02.842Z { Version: "5.6.0.3404" }: [INF] WebView2 initialized successfully (version: 107.0.1418.42, browserExeFolder: C:\Program Files\Amazon Web Services, Inc\Amazon WorkSpaces\WebView2, userDataFolder: C:\Users\Yoga\AppData\Local\Amazon Web Services\Amazon WorkSpaces\webview2)
2023-03-21T14:27:02.844Z { Version: "5.6.0.3404" }: [DBG] OS level proxy will be used for WebView2 browser
2023-03-21T14:27:02.887Z { Version: "5.6.0.3404" }: [DBG] LoadUrl: https://d-92673560a3.awsapps.com:443/login/?client_id=f6547774fae7346f&redirect_uri=https%3a%2f%2fskylight.local&locale=en_US
2023-03-21T14:27:02.890Z { Version: "5.6.0.3404" }: [DBG] Loading WarpDrive Page from: $https://d-92673560a3.awsapps.com/login/?client_id=f6547774fae7346f&redirect_uri=https%3a%2f%2fskylight.local&locale=en_US
2023-03-21T14:27:03.447Z { Version: "5.6.0.3404" }: [DBG] Recording Metric-> HealthCheck::HcUnhealthy=1
2023-03-21T14:27:03.848Z { Version: "5.6.0.3404" }: [DBG] Recording Metric-> DescribeClientCustomization::Error=0
2023-03-21T14:27:03.848Z { Version: "5.6.0.3404" }: [DBG] Recording Metric-> DescribeClientCustomization::Fault=0
2023-03-21T14:27:03.851Z { Version: "5.6.0.3404" }: [INF] Remote login setting: True. Current Local admin setting: True
2023-03-21T14:27:03.854Z { Version: "5.6.0.3404" }: [INF] Remote login setting: True. Current Local admin setting: True
2023-03-21T14:27:03.866Z { Version: "5.6.0.3404" }: [INF] Diagnostic process is already running, continuing without starting a new process
2023-03-21T14:27:03.874Z { Version: "5.6.0.3404" }: [INF] Remote login setting: True. Current Local admin setting: True
2023-03-21T14:27:03.874Z { Version: "5.6.0.3404" }: [INF] Remote login setting: True. Current Local admin setting: True
2023-03-21T14:27:03.876Z { Version: "5.6.0.3404" }: [DBG] Recording Metric-> DescribeClientAddIns::Error=0
2023-03-21T14:27:03.876Z { Version: "5.6.0.3404" }: [DBG] Recording Metric-> DescribeClientAddIns::Fault=0
2023-03-21T14:27:04.080Z { Version: "5.6.0.3404" }: [DBG] Registry value Software\Amazon Web Services. LLC\Amazon WorkSpaces\SSOOverrideSSO Does Not Exists
2023-03-21T14:27:04.080Z { Version: "5.6.0.3404" }: [DBG] Injecting JS to Override SSO
2023-03-21T14:27:07.457Z { Version: "5.6.0.3404" }: [DBG] Recording Metric-> WdPageLoad::Error=0
2023-03-21T14:27:07.457Z { Version: "5.6.0.3404" }: [DBG] Recording Metric-> WdPageLoad::Fault=0
2023-03-21T14:27:07.458Z { Version: "5.6.0.3404" }: [DBG] WarpDrive Page Loaded in 3605 ms
2023-03-21T14:27:07.461Z { Version: "5.6.0.3404" }: [DBG] Apply CSS to WarpDrive Page
2023-03-21T14:27:07.463Z { Version: "5.6.0.3404" }: [DBG] Disable Context Menu in WarpDrive Page
2023-03-21T14:27:07.464Z { Version: "5.6.0.3404" }: [INF] Remote login setting: True. Current Local admin setting: True
2023-03-21T14:27:07.464Z { Version: "5.6.0.3404" }: [DBG] Uncloaked WarpDrive Page
2023-03-21T14:27:07.840Z { Version: "5.6.0.3404" }: [DBG] Sent Metrics Request to https://skylight-client-ds.us-west-2.amazonaws.com/put-metrics: 
2023-03-21T14:27:23.301Z { Version: "5.6.0.3404" }: [DBG] Username/password are used for authentication
2023-03-21T14:27:23.312Z { Version: "5.6.0.3404" }: [DBG] Authenticate Request Session-Id: 064703f8-cdae-46af-8a9d-1b883493b0a6 Amzn-id: 0e7cf248-3505-4c77-8ae5-9fc1fa977ace
2023-03-21T14:27:24.543Z { Version: "5.6.0.3404" }: [DBG] Received Http AuthenticateResponse(Url: https://ws-broker-service.us-west-2.amazonaws.com/)
2023-03-21T14:27:24.554Z { Version: "5.6.0.3404" }: [INF] Remote login setting: True. Current Local admin setting: True
2023-03-21T14:27:24.554Z { Version: "5.6.0.3404" }: [INF] Remote login setting: True. Current Local admin setting: True
2023-03-21T14:27:24.556Z { Version: "5.6.0.3404" }: [DBG] WorkspaceStateChange: Authenticated
2023-03-21T14:27:24.556Z { Version: "5.6.0.3404" }: [DBG] Recording Metric-> Authenticate::Error=0
2023-03-21T14:27:24.557Z { Version: "5.6.0.3404" }: [DBG] Recording Metric-> Authenticate::Fault=0
2023-03-21T14:27:24.565Z { Version: "5.6.0.3404" }: [INF] setting failure action in no op heart beat task
2023-03-21T14:27:24.565Z { Version: "5.6.0.3404" }: [INF] Starting no op heart beat task
2023-03-21T14:27:24.567Z { Version: "5.6.0.3404" }: [ERR] File 'debug_data.json' is not found
2023-03-21T14:27:24.636Z { Version: "5.6.0.3404" }: [INF] Navigating to Use Case WorkSpacesClient.Common.UseCases.PrepareWorkspaceUseCase.PrepareWorkspacePresenter
2023-03-21T14:27:24.682Z { Version: "5.6.0.3404" }: [DBG] Recording Metric-> WdUserAuth::Error=0
2023-03-21T14:27:24.682Z { Version: "5.6.0.3404" }: [DBG] Recording Metric-> WdUserAuth::Fault=0
2023-03-21T14:27:24.744Z { Version: "5.6.0.3404" }: [INF] Remote login setting: True. Current Local admin setting: True
2023-03-21T14:27:24.745Z { Version: "5.6.0.3404" }: [INF] Remote login setting: True. Current Local admin setting: True
2023-03-21T14:27:24.746Z { Version: "5.6.0.3404" }: [DBG] WorkspaceStateChange: Processing
2023-03-21T14:27:24.760Z { Version: "5.6.0.3404" }: [DBG] GetResources Request Session-Id: 064703f8-cdae-46af-8a9d-1b883493b0a6 Amzn-id: 902bc720-95f1-4708-b8b8-498002b938cb
2023-03-21T14:27:25.188Z { Version: "5.6.0.3404" }: [DBG] Received Http GetResourcesResponse(Url: https://ws-broker-service.us-west-2.amazonaws.com/) with [(ResourceId: ws-79w6w6c44, ResourceType: WORKSPACE)]
2023-03-21T14:27:25.190Z { Version: "5.6.0.3404" }: [DBG] Recording Metric-> GetResources::Error=0
2023-03-21T14:27:25.190Z { Version: "5.6.0.3404" }: [DBG] Recording Metric-> GetResources::Fault=0
2023-03-21T14:27:25.196Z { Version: "5.6.0.3404" }: [DBG] Received resource, Protocol: Pcoip
2023-03-21T14:27:25.197Z { Version: "5.6.0.3404" }: [WRN] Using Default Enum value for type: WorkSpacesClient.Common.Constants.WSPendingAction and Value 
2023-03-21T14:27:25.197Z { Version: "5.6.0.3404" }: [WRN] Using Default Enum value for type: WorkSpacesClient.Common.Constants.WSPendingAction and Value 
2023-03-21T14:27:25.200Z { Version: "5.6.0.3404" }: [INF] Remote login setting: True. Current Local admin setting: True
2023-03-21T14:27:25.200Z { Version: "5.6.0.3404" }: [INF] Remote login setting: True. Current Local admin setting: True
2023-03-21T14:27:25.201Z { Version: "5.6.0.3404" }: [INF] Allocating resource with resourceId/workspaceId: ws-79w6w6c44.
2023-03-21T14:27:25.201Z { Version: "5.6.0.3404" }: [INF] Found Timezone of India Standard Time
2023-03-21T14:27:25.202Z { Version: "5.6.0.3404" }: [INF] Found Timezone of India Standard Time
2023-03-21T14:27:25.202Z { Version: "5.6.0.3404" }: [DBG] PerformResourceActionRequest Type: CONNECT, Protocol: PCOIP, Session-Id: 064703f8-cdae-46af-8a9d-1b883493b0a6, Amzn-id: 0b3f0de8-522e-4520-8cfc-dff18cd276d4
2023-03-21T14:27:25.672Z { Version: "5.6.0.3404" }: [DBG] Received Http AllocateResourceResponse(Url: $https://ws-broker-service.us-west-2.amazonaws.com/) with (ResultType: SUCCESS_REDIRECT, ResultValues.SessionId: dc6c0cc58e7d6d34c7a97072affa307c)
2023-03-21T14:27:25.672Z { Version: "5.6.0.3404" }: [INF] AllocateResource Action successfully performed
2023-03-21T14:27:25.674Z { Version: "5.6.0.3404" }: [DBG] Recording Metric-> Connect::Cancel=0
2023-03-21T14:27:25.674Z { Version: "5.6.0.3404" }: [DBG] Recording Metric-> Connect::Error=0
2023-03-21T14:27:25.674Z { Version: "5.6.0.3404" }: [DBG] Recording Metric-> Connect::Fault=0
2023-03-21T14:27:25.685Z { Version: "5.6.0.3404" }: [INF] Remote login setting: True. Current Local admin setting: True
2023-03-21T14:27:25.685Z { Version: "5.6.0.3404" }: [INF] Remote login setting: True. Current Local admin setting: True
2023-03-21T14:27:25.686Z { Version: "5.6.0.3404" }: [DBG] Recording Metric-> DescribeClientAddIns::Error=0
2023-03-21T14:27:25.686Z { Version: "5.6.0.3404" }: [DBG] Recording Metric-> DescribeClientAddIns::Fault=0
2023-03-21T14:27:25.690Z { Version: "5.6.0.3404" }: [INF] Navigating to Use Case WorkSpacesClient.Common.UseCases.SessionProvisionUseCase.SessionProvisionPresenter
2023-03-21T14:27:25.697Z { Version: "5.6.0.3404" }: [INF] Remote login setting: True. Current Local admin setting: True
2023-03-21T14:27:25.697Z { Version: "5.6.0.3404" }: [INF] Remote login setting: True. Current Local admin setting: True
2023-03-21T14:27:25.698Z { Version: "5.6.0.3404" }: [DBG] WorkspaceStateChange: Processing
2023-03-21T14:27:25.758Z { Version: "5.6.0.3404" }: [INF] Remote login setting: True. Current Local admin setting: True
2023-03-21T14:27:25.758Z { Version: "5.6.0.3404" }: [INF] Remote login setting: True. Current Local admin setting: True
2023-03-21T14:27:25.759Z { Version: "5.6.0.3404" }: [DBG] WorkspaceStateChange: Processing
2023-03-21T14:27:25.762Z { Version: "5.6.0.3404" }: [INF] Found Timezone of India Standard Time
2023-03-21T14:27:25.762Z { Version: "5.6.0.3404" }: [DBG] Provision Session Request: gw:e4420a08d30e823b5d476d14755911f1 | 44.234.55.19 | 4172
2023-03-21T14:27:26.649Z { Version: "5.6.0.3404" }: [DBG] StreamProtocol: Tls12
2023-03-21T14:27:27.840Z { Version: "5.6.0.3404" }: [DBG] Sent Metrics Request to https://skylight-client-ds.us-west-2.amazonaws.com/put-metrics: 
2023-03-21T14:27:35.660Z { Version: "5.6.0.3404" }: [DBG] Provision Session Response Received
2023-03-21T14:27:35.675Z { Version: "5.6.0.3404" }: [DBG] Recording Metric-> SessionProvision::Error=0
2023-03-21T14:27:35.675Z { Version: "5.6.0.3404" }: [DBG] Recording Metric-> SessionProvision::Fault=0
2023-03-21T14:27:35.702Z { Version: "5.6.0.3404" }: [DBG] Construct Pcoip Session started.
2023-03-21T14:27:35.725Z { Version: "5.6.0.3404" }: [INF] Before <ConstructPcoipSession> CPU:0.4% Memory:141,952.000kb
2023-03-21T14:27:35.823Z { Version: "5.6.0.3404" }: [DBG] Entering windowed mode
2023-03-21T14:27:35.824Z { Version: "5.6.0.3404" }: [INF] Getting window position {X=171,Y=171,Width=653,Height=541}, is maximized True
2023-03-21T14:27:35.909Z { Version: "5.6.0.3404" }: [INF] Remote login setting: True. Current Local admin setting: True
2023-03-21T14:27:35.909Z { Version: "5.6.0.3404" }: [INF] Remote login setting: True. Current Local admin setting: True
2023-03-21T14:27:35.946Z { Version: "5.6.0.3404" }: [DBG] Ensure Showing Windowed Menu
2023-03-21T14:27:35.963Z { Version: "5.6.0.3404" }: [DBG] Setting Min Size (653,541.5)
2023-03-21T14:27:35.977Z { Version: "5.6.0.3404" }: [DBG] Session window activated
2023-03-21T14:27:35.978Z { Version: "5.6.0.3404" }: [DBG] Publishing session window focus event
2023-03-21T14:27:36.138Z { Version: "5.6.0.3404" }: [DBG] Attached Keyboard Hook
2023-03-21T14:27:36.149Z { Version: "5.6.0.3404" }: [DBG] Ensure Showing Windowed Menu
2023-03-21T14:27:36.220Z { Version: "5.6.0.3404" }: [INF] Remote login setting: True. Current Local admin setting: True
2023-03-21T14:27:36.220Z { Version: "5.6.0.3404" }: [INF] Remote login setting: True. Current Local admin setting: True
2023-03-21T14:27:36.224Z { Version: "5.6.0.3404" }: [DBG] Hide Main Window.
2023-03-21T14:27:36.237Z { Version: "5.6.0.3404" }: [INF] PCoIP Log File Name: Pcoip_2023_03_21_14_03_36
2023-03-21T14:27:36.237Z { Version: "5.6.0.3404" }: [INF] PCoIP Log File Location: C:\Users\Yoga\AppData\Local\Amazon Web Services\Amazon WorkSpaces\logs\pcoip\Pcoip_2023_03_21_14_03_36.log
2023-03-21T14:27:36.406Z { Version: "5.6.0.3404" }: [DBG] Setting WSE Client Properties (DeviceId: FacUiS4DjzTASgAdbblAaleDAjA9lSJti_ar6Z4zAm8, ProductVersion: 5.6.0.3404, Platform: Windows, PlatformVersion: [64 bit OS] 10.0.22621.0, WindowHandlesCount: 1) Succeeded
2023-03-21T14:27:36.452Z { Version: "5.6.0.3404" }: [DBG] Completed timer on screen changing size
2023-03-21T14:27:36.452Z { Version: "5.6.0.3404" }: [DBG] Performance Metrics --> CPU:0.68% IdleCPU:0, MEM:227.3MB, ScreenSize:0, FrameRate:0, RTT:0
2023-03-21T14:27:36.453Z { Version: "5.6.0.3404" }: [DBG] Recording Metric-> Streaming::InSessionStatistics=1
2023-03-21T14:27:36.466Z { Version: "5.6.0.3404" }: [INF] Remote login setting: True. Current Local admin setting: True
2023-03-21T14:27:36.467Z { Version: "5.6.0.3404" }: [INF] Remote login setting: True. Current Local admin setting: True
2023-03-21T14:27:36.467Z { Version: "5.6.0.3404" }: [INF] Remote login setting: True. Current Local admin setting: True
2023-03-21T14:27:36.467Z { Version: "5.6.0.3404" }: [INF] Remote login setting: True. Current Local admin setting: True
2023-03-21T14:27:36.469Z { Version: "5.6.0.3404" }: [DBG] WorkspaceStateChange: Streaming
2023-03-21T14:27:36.500Z { Version: "5.6.0.3404" }: [INF] After <ConstructPcoipSession> Elapsed:767ms, CPU:4.06% Memory:235,760.000kb
2023-03-21T14:27:36.500Z { Version: "5.6.0.3404" }: [DBG] Construct Pcoip Session succeeded.
2023-03-21T14:27:36.502Z { Version: "5.6.0.3404" }: [DBG] Getting topologies
2023-03-21T14:27:36.505Z { Version: "5.6.0.3404" }: [DBG] Topologies changed
2023-03-21T14:27:37.842Z { Version: "5.6.0.3404" }: [DBG] Sent Metrics Request to https://skylight-client-ds.us-west-2.amazonaws.com/put-metrics: 
2023-03-21T14:27:39.088Z { Version: "5.6.0.3404" }: [DBG] PcoipClientConnectionCallback Connection Changed to PCOIP_CLIENT_CONNECT_STATE_CONNECTED with PCOIP_DISCONNECT_CAUSE_NONE
2023-03-21T14:27:39.090Z { Version: "5.6.0.3404" }: [INF] Window Locations: displays Before Platform Adjustment Topology:{X=0,Y=0,Width=1440,Height=803}, Primary:True, Rotation:Degree0
2023-03-21T14:27:39.090Z { Version: "5.6.0.3404" }: [INF] Window Locations: displays Before Protocol Adjustment Topology:{X=0,Y=0,Width=1440,Height=803}, Primary:True, Rotation:Degree0
2023-03-21T14:27:39.090Z { Version: "5.6.0.3404" }: [INF] Window Locations: displays After Protocol Adjustment  Topology:{X=0,Y=0,Width=1440,Height=803}, Primary:True, Rotation:Degree0
2023-03-21T14:27:39.090Z { Version: "5.6.0.3404" }: [DBG] Topology request {X=0,Y=0,Width=1440,Height=803}
2023-03-21T14:27:40.440Z { Version: "5.6.0.3404" }: [INF] Host Updated Lock Keys, CAPS:False| NUM:False| SCROLL:False
2023-03-21T14:27:40.580Z { Version: "5.6.0.3404" }: [DBG] TopologyCallback Called [21-03-2023 19:57:40]
2023-03-21T14:27:40.581Z { Version: "5.6.0.3404" }: [DBG] Display[0] {X=0,Y=0,Width=1440,Height=803}
2023-03-21T14:27:40.590Z { Version: "5.6.0.3404" }: [DBG] Recording Metric-> Session::Error=0
2023-03-21T14:27:40.590Z { Version: "5.6.0.3404" }: [DBG] Recording Metric-> Session::Fault=0
2023-03-21T14:27:41.190Z { Version: "5.6.0.3404" }: [INF] PCoIP Workspace StreamingSuccess
2023-03-21T14:27:41.190Z { Version: "5.6.0.3404" }: [DBG] Recording Metric-> Streaming::Error=0
2023-03-21T14:27:41.190Z { Version: "5.6.0.3404" }: [DBG] Recording Metric-> Streaming::Fault=0
2023-03-21T14:27:41.190Z { Version: "5.6.0.3404" }: [DBG] Recording Metric-> ConnectAttempt::Fault=0
2023-03-21T14:27:43.426Z { Version: "5.6.0.3404" }: [DBG] Recording Metric-> SSIG::Error=0
2023-03-21T14:27:43.426Z { Version: "5.6.0.3404" }: [DBG] Recording Metric-> Streaming::Time=2406
2023-03-21T14:27:43.427Z { Version: "5.6.0.3404" }: [DBG] Recording Metric-> SSIG::Fault=0
2023-03-21T14:27:43.427Z { Version: "5.6.0.3404" }: [DBG] Recording Metric-> SSIG::Time=2516
2023-03-21T14:27:47.842Z { Version: "5.6.0.3404" }: [DBG] Sent Metrics Request to https://skylight-client-ds.us-west-2.amazonaws.com/put-metrics: 
2023-03-21T14:28:06.455Z { Version: "5.6.0.3404" }: [DBG] Recording Metric-> Session::SessionRtt=268
2023-03-21T14:28:06.482Z { Version: "5.6.0.3404" }: [DBG] Performance Metrics --> CPU:0.26% IdleCPU:94.95, MEM:348.7MB, ScreenSize:1156320, FrameRate:3, RTT:268
2023-03-21T14:28:06.482Z { Version: "5.6.0.3404" }: [DBG] Recording Metric-> Streaming::InSessionStatistics=1
2023-03-21T14:28:07.843Z { Version: "5.6.0.3404" }: [DBG] Sent Metrics Request to https://skylight-client-ds.us-west-2.amazonaws.com/put-metrics: 
2023-03-21T14:31:59.005Z { Version: "5.6.0.3404" }: [INF] Remote login setting: True. Current Local admin setting: True
2023-03-21T14:31:59.005Z { Version: "5.6.0.3404" }: [INF] Remote login setting: True. Current Local admin setting: True
2023-03-21T14:31:59.564Z { Version: "5.6.0.3404" }: [INF] Remote login setting: True. Current Local admin setting: True
2023-03-21T14:31:59.564Z { Version: "5.6.0.3404" }: [INF] Remote login setting: True. Current Local admin setting: True
2023-03-21T14:31:59.568Z { Version: "5.6.0.3404" }: [DBG] Recording Metric-> HealthCheck::HcUnhealthy=1
2023-03-21T14:32:07.841Z { Version: "5.6.0.3404" }: [DBG] Sent Metrics Request to https://skylight-client-ds.us-west-2.amazonaws.com/put-metrics: 
2023-03-21T14:32:21.182Z { Version: "5.6.0.3404" }: [DBG] Session window deactivated
2023-03-21T14:32:21.183Z { Version: "5.6.0.3404" }: [DBG] Detached Keyboard Hook
2023-03-21T14:32:22.277Z { Version: "5.6.0.3404" }: [DBG] Session window activated
2023-03-21T14:32:22.277Z { Version: "5.6.0.3404" }: [DBG] Publishing session window focus event
2023-03-21T14:32:22.278Z { Version: "5.6.0.3404" }: [DBG] Attached Keyboard Hook
2023-03-21T14:32:22.413Z { Version: "5.6.0.3404" }: [DBG] Session window deactivated
2023-03-21T14:32:22.413Z { Version: "5.6.0.3404" }: [DBG] Detached Keyboard Hook
2023-03-21T14:32:22.629Z { Version: "5.6.0.3404" }: [DBG] Session window activated
2023-03-21T14:32:22.629Z { Version: "5.6.0.3404" }: [DBG] Publishing session window focus event
2023-03-21T14:32:22.630Z { Version: "5.6.0.3404" }: [DBG] Attached Keyboard Hook
2023-03-21T14:32:23.128Z { Version: "5.6.0.3404" }: [DBG] Session window deactivated
2023-03-21T14:32:23.128Z { Version: "5.6.0.3404" }: [DBG] Detached Keyboard Hook
2023-03-21T14:32:30.344Z { Version: "5.6.0.3404" }: [DBG] Session window activated
2023-03-21T14:32:30.344Z { Version: "5.6.0.3404" }: [DBG] Publishing session window focus event
2023-03-21T14:32:30.346Z { Version: "5.6.0.3404" }: [DBG] Attached Keyboard Hook
2023-03-21T14:32:33.256Z { Version: "5.6.0.3404" }: [DBG] Session window deactivated
2023-03-21T14:32:33.256Z { Version: "5.6.0.3404" }: [DBG] Detached Keyboard Hook
2023-03-21T14:32:36.613Z { Version: "5.6.0.3404" }: [DBG] Session window activated
2023-03-21T14:32:36.613Z { Version: "5.6.0.3404" }: [DBG] Publishing session window focus event
2023-03-21T14:32:36.613Z { Version: "5.6.0.3404" }: [DBG] Attached Keyboard Hook
2023-03-21T14:32:37.784Z { Version: "5.6.0.3404" }: [DBG] Session window deactivated
2023-03-21T14:32:37.784Z { Version: "5.6.0.3404" }: [DBG] Detached Keyboard Hook
2023-03-21T14:32:46.822Z { Version: "5.6.0.3404" }: [DBG] Session window activated
2023-03-21T14:32:46.822Z { Version: "5.6.0.3404" }: [DBG] Publishing session window focus event
2023-03-21T14:32:46.823Z { Version: "5.6.0.3404" }: [DBG] Attached Keyboard Hook
2023-03-21T14:32:52.677Z { Version: "5.6.0.3404" }: [DBG] Session window deactivated
2023-03-21T14:32:52.677Z { Version: "5.6.0.3404" }: [DBG] Detached Keyboard Hook
2023-03-21T14:32:56.768Z { Version: "5.6.0.3404" }: [DBG] Session window activated
2023-03-21T14:32:56.769Z { Version: "5.6.0.3404" }: [DBG] Publishing session window focus event
2023-03-21T14:32:56.769Z { Version: "5.6.0.3404" }: [DBG] Attached Keyboard Hook
2023-03-21T14:33:06.484Z { Version: "5.6.0.3404" }: [DBG] Recording Metric-> Session::SessionRtt=272
2023-03-21T14:33:06.511Z { Version: "5.6.0.3404" }: [DBG] Performance Metrics --> CPU:0.46% IdleCPU:94.95, MEM:466.4MB, ScreenSize:1156320, FrameRate:7, RTT:272
2023-03-21T14:33:06.511Z { Version: "5.6.0.3404" }: [DBG] Recording Metric-> Streaming::InSessionStatistics=1
2023-03-21T14:33:07.837Z { Version: "5.6.0.3404" }: [DBG] Sent Metrics Request to https://skylight-client-ds.us-west-2.amazonaws.com/put-metrics: 
2023-03-21T14:33:08.378Z { Version: "5.6.0.3404" }: [DBG] Session window deactivated
2023-03-21T14:33:08.378Z { Version: "5.6.0.3404" }: [DBG] Detached Keyboard Hook
2023-03-21T14:36:59.029Z { Version: "5.6.0.3404" }: [INF] Remote login setting: True. Current Local admin setting: True
2023-03-21T14:36:59.029Z { Version: "5.6.0.3404" }: [INF] Remote login setting: True. Current Local admin setting: True
2023-03-21T14:36:59.606Z { Version: "5.6.0.3404" }: [INF] Remote login setting: True. Current Local admin setting: True
2023-03-21T14:36:59.606Z { Version: "5.6.0.3404" }: [INF] Remote login setting: True. Current Local admin setting: True
2023-03-21T14:36:59.612Z { Version: "5.6.0.3404" }: [DBG] Recording Metric-> HealthCheck::HcUnhealthy=1
2023-03-21T14:37:02.494Z { Version: "5.6.0.3404" }: [INF] Diagnostics upload process watcher event was raised at 20:07:02.494
2023-03-21T14:37:02.495Z { Version: "5.6.0.3404" }: [INF] Remote login setting: True. Current Local admin setting: True
2023-03-21T14:37:02.504Z { Version: "5.6.0.3404" }: [INF] Diagnostic process is already running, continuing without starting a new process
2023-03-21T14:37:07.846Z { Version: "5.6.0.3404" }: [DBG] Sent Metrics Request to https://skylight-client-ds.us-west-2.amazonaws.com/put-metrics: 
2023-03-21T14:38:06.523Z { Version: "5.6.0.3404" }: [DBG] Recording Metric-> Session::SessionRtt=281
2023-03-21T14:38:06.552Z { Version: "5.6.0.3404" }: [DBG] Performance Metrics --> CPU:0.11% IdleCPU:96.28, MEM:466.7MB, ScreenSize:1156320, FrameRate:9, RTT:281
2023-03-21T14:38:06.552Z { Version: "5.6.0.3404" }: [DBG] Recording Metric-> Streaming::InSessionStatistics=1
2023-03-21T14:38:07.832Z { Version: "5.6.0.3404" }: [DBG] Sent Metrics Request to https://skylight-client-ds.us-west-2.amazonaws.com/put-metrics: 
2023-03-21T16:28:36.721Z { Version: "5.6.0.3404" }: [DBG] PcoipClientConnectionCallback Connection Changed to PCOIP_CLIENT_CONNECT_STATE_UNCONNECTED with PCOIP_DISCONNECT_CAUSE_NONE
2023-03-21T16:28:36.725Z { Version: "5.6.0.3404" }: [INF] Closing session, reason: PCoIPDisconnectUnknown, details: PCOIP_DISCONNECT_CAUSE_NONE
2023-03-21T16:28:36.725Z { Version: "5.6.0.3404" }: [DBG] Closing In Session External Begin
2023-03-21T16:28:36.726Z { Version: "5.6.0.3404" }: [INF] stopping no op heart beat task
2023-03-21T16:28:36.726Z { Version: "5.6.0.3404" }: [INF] Saving window position {X=171,Y=171,Width=653,Height=541}, is maximized False
2023-03-21T16:28:36.729Z { Version: "5.6.0.3404" }: [DBG] Removing window at index (0)
2023-03-21T16:28:36.737Z { Version: "5.6.0.3404" }: [INF] CloseWindow called.
2023-03-21T16:28:36.762Z { Version: "5.6.0.3404" }: [INF] Remote login setting: True. Current Local admin setting: True
2023-03-21T16:28:36.762Z { Version: "5.6.0.3404" }: [INF] Remote login setting: True. Current Local admin setting: True
2023-03-21T16:28:36.765Z { Version: "5.6.0.3404" }: [DBG] WorkspaceStateChange: Streaming
2023-03-21T16:28:36.773Z { Version: "5.6.0.3404" }: [DBG] Recording Metric-> Session::Disconnect=1
2023-03-21T16:28:36.773Z { Version: "5.6.0.3404" }: [DBG] Recording Metric-> Session::ProtocolDisconnect=1
2023-03-21T16:28:36.795Z { Version: "5.6.0.3404" }: [INF] Navigating to Use Case WorkSpacesClient.Common.UseCases.SessionEndedUseCase.SessionEndedPresenter
2023-03-21T16:28:36.822Z { Version: "5.6.0.3404" }: [INF] Remote login setting: True. Current Local admin setting: True
2023-03-21T16:28:36.822Z { Version: "5.6.0.3404" }: [INF] Remote login setting: True. Current Local admin setting: True
2023-03-21T16:28:36.824Z { Version: "5.6.0.3404" }: [DBG] WorkspaceStateChange: Processing
2023-03-21T16:28:36.824Z { Version: "5.6.0.3404" }: [DBG] Closing In Session External End
2023-03-21T16:28:36.824Z { Version: "5.6.0.3404" }: [DBG] EmitDisconnectMetric(protocolReasonCode: 0, protocolVersion:2.1) called.
2023-03-21T16:28:36.828Z { Version: "5.6.0.3404" }: [DBG] Recording Metric-> Session::WorkspaceDisconnect=1
2023-03-21T16:28:37.046Z { Version: "5.6.0.3404" }: [DBG] Completed timer on screen changing size
2023-03-21T16:28:37.054Z { Version: "5.6.0.3404" }: [DBG] Getting topologies
2023-03-21T16:28:37.055Z { Version: "5.6.0.3404" }: [DBG] Resize attempt when all in session windows are closed
2023-03-21T16:28:37.107Z { Version: "5.6.0.3404" }: [DBG] Sent Metrics Request to https://skylight-client-ds.us-west-2.amazonaws.com/put-metrics: 
2023-03-21T16:28:37.791Z { Version: "5.6.0.3404" }: [DBG] Recording Metric-> DescribeClientCustomization::Error=0
2023-03-21T16:28:37.791Z { Version: "5.6.0.3404" }: [DBG] Recording Metric-> DescribeClientCustomization::Fault=0
2023-03-21T16:28:37.792Z { Version: "5.6.0.3404" }: [INF] Remote login setting: True. Current Local admin setting: True
2023-03-21T16:28:37.793Z { Version: "5.6.0.3404" }: [DBG] Session ended. Presenting reconnect page
2023-03-21T16:28:38.649Z { Version: "5.6.0.3404" }: [DBG] Recording Metric-> DescribeClientCustomization::Error=0
2023-03-21T16:28:38.650Z { Version: "5.6.0.3404" }: [DBG] Recording Metric-> DescribeClientCustomization::Fault=0
2023-03-21T16:28:38.650Z { Version: "5.6.0.3404" }: [INF] Remote login setting: True. Current Local admin setting: True
2023-03-21T16:28:41.888Z { Version: "5.6.0.3404" }: [DBG] Sent Metrics Request to https://skylight-client-ds.us-west-2.amazonaws.com/put-metrics: 
2023-03-21T16:28:42.180Z { Version: "5.6.0.3404" }: [INF] Exiting application
2023-03-21T16:28:42.180Z { Version: "5.6.0.3404" }: [INF] stopping no op heart beat task
2023-03-21T16:28:42.181Z { Version: "5.6.0.3404" }: [DBG] Recording Metric-> Session::Disconnect=1
2023-03-21T16:28:42.181Z { Version: "5.6.0.3404" }: [DBG] Recording Metric-> Session::UserDisconnect=1
2023-03-21T16:28:42.183Z { Version: "5.6.0.3404" }: [INF] Navigating to Use Case WorkSpacesClient.Common.UseCases.SessionEndedUseCase.SessionEndedPresenter
2023-03-21T16:28:44.102Z { Version: "5.6.0.3404" }: [INF] Remote login setting: True. Current Local admin setting: True
2023-03-21T16:28:44.102Z { Version: "5.6.0.3404" }: [INF] Remote login setting: True. Current Local admin setting: True
2023-03-21T16:28:44.104Z { Version: "5.6.0.3404" }: [DBG] WorkspaceStateChange: SafeTerminate
2023-03-21T16:28:44.104Z { Version: "5.6.0.3404" }: [DBG] App Exit with Code: 0
2023-03-21T16:28:44.104Z { Version: "5.6.0.3404" }: [DBG] Killing the current Process
