2023-03-21T12:46:42.066Z: <Main>d__7::MoveNext: == Diagnostics upload process started  == 
2023-03-21T12:46:42.093Z: WorkspacesClientDiagnosticLogUploader::DeleteOldFilesAndArchiveUntransmittedFiles: Archiving untransmitted logfiles at filepath: C:\Users\Yoga\AppData\Local\Amazon Web Services\Amazon WorkSpaces\logs
2023-03-21T12:46:42.097Z: WorkspacesClientDiagnosticLogUploader::DeleteOldFiles: No files to delete at source path: C:\Users\Yoga\AppData\Local\Amazon Web Services\Amazon WorkSpaces\logs\untransmitted
2023-03-21T12:46:42.097Z: WorkspacesClientDiagnosticLogUploader::DeleteOldFilesAndArchiveUntransmittedFiles: Archiving untransmitted logfiles at filepath: C:\Users\Yoga\AppData\Local\Amazon Web Services\Amazon WorkSpaces\logs\logUploader
2023-03-21T12:46:42.401Z: WorkspacesClientDiagnosticLogUploader::DeleteOldFiles: No files to delete at source path: C:\Users\Yoga\AppData\Local\Amazon Web Services\Amazon WorkSpaces\logs\logUploader\untransmitted
2023-03-21T12:46:42.401Z: WorkspacesClientDiagnosticLogUploader::DeleteOldFilesAndArchiveUntransmittedFiles: Archiving untransmitted logfiles at filepath: C:\Users\Yoga\AppData\Local\Amazon Web Services\Amazon WorkSpaces\logs\pcoip
2023-03-21T12:46:42.401Z: WorkspacesClientDiagnosticLogUploader::DeleteOldFiles: No files to delete at source path: C:\Users\Yoga\AppData\Local\Amazon Web Services\Amazon WorkSpaces\logs\pcoip
2023-03-21T12:46:42.403Z: <UploadFilesOnProcessStartup>d__8::MoveNext: Uploading client log files upon process startup at source path C:\Users\Yoga\AppData\Local\Amazon Web Services\Amazon WorkSpaces\logs
2023-03-21T12:46:42.405Z: WorkspacesClientDiagnosticLogUploader::DeleteOldFiles: No files to delete at source path: C:\Users\Yoga\AppData\Local\Amazon Web Services\Amazon WorkSpaces\logs\untransmitted
2023-03-21T12:46:42.407Z: WorkspacesClientDiagnosticLogUploader::IsFileLocked: File is locked at filepath: C:\Users\Yoga\AppData\Local\Amazon Web Services\Amazon WorkSpaces\logs\WorkSpacesClient_2023_03_21_12_46_34.log
2023-03-21T12:46:42.407Z: AsyncMethodBuilderCore::Start: Current file [WorkSpacesClient_2023_03_21_12_46_34.log] to be uploaded is locked, skipping this upload until the next upload trigger.
2023-03-21T12:46:42.407Z: AsyncMethodBuilderCore::Start: Uploading logUploader log files upon process startup at source path C:\Users\Yoga\AppData\Local\Amazon Web Services\Amazon WorkSpaces\logs\logUploader
2023-03-21T12:46:42.407Z: WorkspacesClientDiagnosticLogUploader::DeleteOldFiles: No files to delete at source path: C:\Users\Yoga\AppData\Local\Amazon Web Services\Amazon WorkSpaces\logs\logUploader\transmitted
2023-03-21T12:46:42.408Z: WorkspacesClientDiagnosticLogUploader::DeleteOldFiles: No files to delete at source path: C:\Users\Yoga\AppData\Local\Amazon Web Services\Amazon WorkSpaces\logs\logUploader\untransmitted
2023-03-21T12:46:42.408Z: WorkspacesClientDiagnosticLogUploader::IsFileLocked: File is locked at filepath: C:\Users\Yoga\AppData\Local\Amazon Web Services\Amazon WorkSpaces\logs\logUploader\DiagnosticsUploader_2023_03_21_12_46_41.log
2023-03-21T12:46:42.408Z: AsyncMethodBuilderCore::Start: Current file [DiagnosticsUploader_2023_03_21_12_46_41.log] to be uploaded is locked, skipping this upload until the next upload trigger.
2023-03-21T12:46:42.408Z: AsyncMethodBuilderCore::Start: Uploading pcoip log files upon process startup at source path C:\Users\Yoga\AppData\Local\Amazon Web Services\Amazon WorkSpaces\logs\pcoip
2023-03-21T12:46:42.408Z: WorkspacesClientDiagnosticLogUploader::DeleteOldFiles: No files to delete at source path: C:\Users\Yoga\AppData\Local\Amazon Web Services\Amazon WorkSpaces\logs\pcoip
2023-03-21T12:46:42.418Z: WorkspacesClientDiagnosticLogUploader::DeleteOldFiles: No files to delete at source path: C:\Users\Yoga\AppData\Local\Amazon Web Services\Amazon WorkSpaces\logs\pcoip\untransmitted
2023-03-21T12:46:42.424Z: <Main>d__7::MoveNext: Diagnostics upload process FileSystemWatcher initialized
2023-03-21T13:25:52.729Z: DiagnosticUploaderConsoleApp::OnClientWatcherCreated: FileSystemWatcher for logtype client triggered, beginning upload and archive process at path: C:\Users\Yoga\AppData\Local\Amazon Web Services\Amazon WorkSpaces\logs
2023-03-21T13:25:52.731Z: WorkspacesClientDiagnosticLogUploader::DeleteOldFiles: No files to delete at source path: C:\Users\Yoga\AppData\Local\Amazon Web Services\Amazon WorkSpaces\logs\transmitted
2023-03-21T13:25:52.731Z: WorkspacesClientDiagnosticLogUploader::DeleteOldFiles: No files to delete at source path: C:\Users\Yoga\AppData\Local\Amazon Web Services\Amazon WorkSpaces\logs\untransmitted
2023-03-21T13:25:53.832Z: <GetPresignedURLAsync>d__4::MoveNext: Generated PreSigned URL for logName: WorkSpacesClient_2023_03_21_12_46_34.log, deviceId: FacUiS4DjzTASgAdbblAaleDAjA9lSJti_ar6Z4zAm8, orgName: d-92673560a3, logType: client
2023-03-21T13:25:55.371Z: <UploadFile>d__6::MoveNext: Uploaded file at path: C:\Users\Yoga\AppData\Local\Amazon Web Services\Amazon WorkSpaces\logs\WorkSpacesClient_2023_03_21_12_46_34.log to PreSigned URL with HTTP Status Code: "OK"
2023-03-21T13:25:55.374Z: AsyncStateMachineBox`1::ExecutionContextCallback: Succesfully uploaded and archived file: WorkSpacesClient_2023_03_21_12_46_34.log
2023-03-21T13:25:55.374Z: WorkspacesClientDiagnosticLogUploader::IsFileLocked: File is locked at filepath: C:\Users\Yoga\AppData\Local\Amazon Web Services\Amazon WorkSpaces\logs\WorkSpacesClient_2023_03_21_13_25_52.log
2023-03-21T13:25:55.374Z: AsyncStateMachineBox`1::ExecutionContextCallback: Current file [WorkSpacesClient_2023_03_21_13_25_52.log] to be uploaded is locked, skipping this upload until the next upload trigger.
2023-03-21T14:25:54.961Z: DiagnosticUploaderConsoleApp::OnClientWatcherCreated: FileSystemWatcher for logtype client triggered, beginning upload and archive process at path: C:\Users\Yoga\AppData\Local\Amazon Web Services\Amazon WorkSpaces\logs
2023-03-21T14:25:54.963Z: WorkspacesClientDiagnosticLogUploader::DeleteOldFiles: No files to delete at source path: C:\Users\Yoga\AppData\Local\Amazon Web Services\Amazon WorkSpaces\logs\untransmitted
2023-03-21T14:25:56.090Z: <GetPresignedURLAsync>d__4::MoveNext: Generated PreSigned URL for logName: WorkSpacesClient_2023_03_21_13_25_52.log, deviceId: FacUiS4DjzTASgAdbblAaleDAjA9lSJti_ar6Z4zAm8, orgName: d-92673560a3, logType: client
2023-03-21T14:25:57.583Z: <UploadFile>d__6::MoveNext: Uploaded file at path: C:\Users\Yoga\AppData\Local\Amazon Web Services\Amazon WorkSpaces\logs\WorkSpacesClient_2023_03_21_13_25_52.log to PreSigned URL with HTTP Status Code: "OK"
2023-03-21T14:25:57.585Z: AsyncStateMachineBox`1::ExecutionContextCallback: Succesfully uploaded and archived file: WorkSpacesClient_2023_03_21_13_25_52.log
2023-03-21T14:25:57.585Z: WorkspacesClientDiagnosticLogUploader::IsFileLocked: File is locked at filepath: C:\Users\Yoga\AppData\Local\Amazon Web Services\Amazon WorkSpaces\logs\WorkSpacesClient_2023_03_21_14_25_54.log
2023-03-21T14:25:57.585Z: AsyncStateMachineBox`1::ExecutionContextCallback: Current file [WorkSpacesClient_2023_03_21_14_25_54.log] to be uploaded is locked, skipping this upload until the next upload trigger.
2023-03-21T14:26:58.376Z: DiagnosticUploaderConsoleApp::OnClientWatcherCreated: FileSystemWatcher for logtype client triggered, beginning upload and archive process at path: C:\Users\Yoga\AppData\Local\Amazon Web Services\Amazon WorkSpaces\logs
2023-03-21T14:26:58.377Z: WorkspacesClientDiagnosticLogUploader::DeleteOldFiles: No files to delete at source path: C:\Users\Yoga\AppData\Local\Amazon Web Services\Amazon WorkSpaces\logs\untransmitted
2023-03-21T14:26:59.490Z: <GetPresignedURLAsync>d__4::MoveNext: Generated PreSigned URL for logName: WorkSpacesClient_2023_03_21_14_25_54.log, deviceId: FacUiS4DjzTASgAdbblAaleDAjA9lSJti_ar6Z4zAm8, orgName: d-92673560a3, logType: client
2023-03-21T14:27:01.025Z: <UploadFile>d__6::MoveNext: Uploaded file at path: C:\Users\Yoga\AppData\Local\Amazon Web Services\Amazon WorkSpaces\logs\WorkSpacesClient_2023_03_21_14_25_54.log to PreSigned URL with HTTP Status Code: "OK"
2023-03-21T14:27:01.027Z: AsyncStateMachineBox`1::ExecutionContextCallback: Succesfully uploaded and archived file: WorkSpacesClient_2023_03_21_14_25_54.log
2023-03-21T14:27:01.028Z: WorkspacesClientDiagnosticLogUploader::IsFileLocked: File is locked at filepath: C:\Users\Yoga\AppData\Local\Amazon Web Services\Amazon WorkSpaces\logs\WorkSpacesClient_2023_03_21_14_26_58.log
2023-03-21T14:27:01.028Z: AsyncStateMachineBox`1::ExecutionContextCallback: Current file [WorkSpacesClient_2023_03_21_14_26_58.log] to be uploaded is locked, skipping this upload until the next upload trigger.
2023-03-21T14:27:36.236Z: DiagnosticUploaderConsoleApp::OnClientWatcherCreated: FileSystemWatcher for logtype pcoip triggered, beginning upload and archive process at path: C:\Users\Yoga\AppData\Local\Amazon Web Services\Amazon WorkSpaces\logs\pcoip
2023-03-21T14:27:36.237Z: WorkspacesClientDiagnosticLogUploader::DeleteOldFiles: No files to delete at source path: C:\Users\Yoga\AppData\Local\Amazon Web Services\Amazon WorkSpaces\logs\pcoip\transmitted
2023-03-21T14:27:36.237Z: WorkspacesClientDiagnosticLogUploader::DeleteOldFiles: No files to delete at source path: C:\Users\Yoga\AppData\Local\Amazon Web Services\Amazon WorkSpaces\logs\pcoip\untransmitted
2023-03-21T14:27:36.238Z: WorkspacesClientDiagnosticLogUploader::IsFileLocked: File is locked at filepath: C:\Users\Yoga\AppData\Local\Amazon Web Services\Amazon WorkSpaces\logs\pcoip\Pcoip_2023_03_21_14_03_36_2023_03_21T14_27_36Z_000060e4.txt
2023-03-21T14:27:36.238Z: AsyncMethodBuilderCore::Start: Current file [Pcoip_2023_03_21_14_03_36_2023_03_21T14_27_36Z_000060e4.txt] to be uploaded is locked, skipping this upload until the next upload trigger.
2023-03-21T17:25:19.299Z: DiagnosticUploaderConsoleApp::OnClientWatcherCreated: FileSystemWatcher for logtype client triggered, beginning upload and archive process at path: C:\Users\Yoga\AppData\Local\Amazon Web Services\Amazon WorkSpaces\logs
2023-03-21T17:25:19.302Z: WorkspacesClientDiagnosticLogUploader::DeleteOldFiles: No files to delete at source path: C:\Users\Yoga\AppData\Local\Amazon Web Services\Amazon WorkSpaces\logs\untransmitted
2023-03-21T17:25:20.450Z: <GetPresignedURLAsync>d__4::MoveNext: Generated PreSigned URL for logName: WorkSpacesClient_2023_03_21_14_26_58.log, deviceId: FacUiS4DjzTASgAdbblAaleDAjA9lSJti_ar6Z4zAm8, orgName: d-92673560a3, logType: client
2023-03-21T17:25:21.848Z: <UploadFile>d__6::MoveNext: Uploaded file at path: C:\Users\Yoga\AppData\Local\Amazon Web Services\Amazon WorkSpaces\logs\WorkSpacesClient_2023_03_21_14_26_58.log to PreSigned URL with HTTP Status Code: "OK"
2023-03-21T17:25:21.849Z: AsyncStateMachineBox`1::ExecutionContextCallback: Succesfully uploaded and archived file: WorkSpacesClient_2023_03_21_14_26_58.log
2023-03-21T17:25:21.850Z: WorkspacesClientDiagnosticLogUploader::IsFileLocked: File is locked at filepath: C:\Users\Yoga\AppData\Local\Amazon Web Services\Amazon WorkSpaces\logs\WorkSpacesClient_2023_03_21_17_25_19.log
2023-03-21T17:25:21.850Z: AsyncStateMachineBox`1::ExecutionContextCallback: Current file [WorkSpacesClient_2023_03_21_17_25_19.log] to be uploaded is locked, skipping this upload until the next upload trigger.
2023-03-21T17:26:02.841Z: DiagnosticUploaderConsoleApp::OnClientWatcherCreated: FileSystemWatcher for logtype pcoip triggered, beginning upload and archive process at path: C:\Users\Yoga\AppData\Local\Amazon Web Services\Amazon WorkSpaces\logs\pcoip
2023-03-21T17:26:02.841Z: WorkspacesClientDiagnosticLogUploader::DeleteOldFiles: No files to delete at source path: C:\Users\Yoga\AppData\Local\Amazon Web Services\Amazon WorkSpaces\logs\pcoip\transmitted
2023-03-21T17:26:02.841Z: WorkspacesClientDiagnosticLogUploader::DeleteOldFiles: No files to delete at source path: C:\Users\Yoga\AppData\Local\Amazon Web Services\Amazon WorkSpaces\logs\pcoip\untransmitted
2023-03-21T17:26:03.977Z: <GetPresignedURLAsync>d__4::MoveNext: Generated PreSigned URL for logName: Pcoip_2023_03_21_14_03_36_2023_03_21T14_27_36Z_000060e4.txt, deviceId: FacUiS4DjzTASgAdbblAaleDAjA9lSJti_ar6Z4zAm8, orgName: d-92673560a3, logType: pcoip
2023-03-21T17:26:05.785Z: <UploadFile>d__6::MoveNext: Uploaded file at path: C:\Users\Yoga\AppData\Local\Amazon Web Services\Amazon WorkSpaces\logs\pcoip\Pcoip_2023_03_21_14_03_36_2023_03_21T14_27_36Z_000060e4.txt to PreSigned URL with HTTP Status Code: "OK"
2023-03-21T17:26:05.786Z: AsyncStateMachineBox`1::ExecutionContextCallback: Succesfully uploaded and archived file: Pcoip_2023_03_21_14_03_36_2023_03_21T14_27_36Z_000060e4.txt
2023-03-21T17:26:05.786Z: WorkspacesClientDiagnosticLogUploader::IsFileLocked: File is locked at filepath: C:\Users\Yoga\AppData\Local\Amazon Web Services\Amazon WorkSpaces\logs\pcoip\Pcoip_2023_03_21_17_03_02_2023_03_21T17_26_02Z_00000dc8.txt
2023-03-21T17:26:05.786Z: AsyncStateMachineBox`1::ExecutionContextCallback: Current file [Pcoip_2023_03_21_17_03_02_2023_03_21T17_26_02Z_00000dc8.txt] to be uploaded is locked, skipping this upload until the next upload trigger.
2023-03-21T17:30:55.658Z: DiagnosticUploaderConsoleApp::OnClientWatcherCreated: FileSystemWatcher for logtype pcoip triggered, beginning upload and archive process at path: C:\Users\Yoga\AppData\Local\Amazon Web Services\Amazon WorkSpaces\logs\pcoip
2023-03-21T17:30:55.661Z: WorkspacesClientDiagnosticLogUploader::DeleteOldFiles: No files to delete at source path: C:\Users\Yoga\AppData\Local\Amazon Web Services\Amazon WorkSpaces\logs\pcoip\untransmitted
2023-03-21T17:30:56.720Z: <GetPresignedURLAsync>d__4::MoveNext: Generated PreSigned URL for logName: Pcoip_2023_03_21_17_03_02_2023_03_21T17_26_02Z_00000dc8.txt, deviceId: FacUiS4DjzTASgAdbblAaleDAjA9lSJti_ar6Z4zAm8, orgName: d-92673560a3, logType: pcoip
2023-03-21T17:30:58.497Z: <UploadFile>d__6::MoveNext: Uploaded file at path: C:\Users\Yoga\AppData\Local\Amazon Web Services\Amazon WorkSpaces\logs\pcoip\Pcoip_2023_03_21_17_03_02_2023_03_21T17_26_02Z_00000dc8.txt to PreSigned URL with HTTP Status Code: "OK"
2023-03-21T17:30:58.498Z: AsyncStateMachineBox`1::ExecutionContextCallback: Succesfully uploaded and archived file: Pcoip_2023_03_21_17_03_02_2023_03_21T17_26_02Z_00000dc8.txt
2023-03-21T17:30:58.499Z: WorkspacesClientDiagnosticLogUploader::IsFileLocked: File is locked at filepath: C:\Users\Yoga\AppData\Local\Amazon Web Services\Amazon WorkSpaces\logs\pcoip\Pcoip_2023_03_21_17_03_55_2023_03_21T17_30_55Z_00000dc8.txt
2023-03-21T17:30:58.499Z: AsyncStateMachineBox`1::ExecutionContextCallback: Current file [Pcoip_2023_03_21_17_03_55_2023_03_21T17_30_55Z_00000dc8.txt] to be uploaded is locked, skipping this upload until the next upload trigger.
2023-03-24T16:25:56.719Z: DiagnosticUploaderConsoleApp::OnClientWatcherCreated: FileSystemWatcher for logtype client triggered, beginning upload and archive process at path: C:\Users\Yoga\AppData\Local\Amazon Web Services\Amazon WorkSpaces\logs
2023-03-24T16:25:56.738Z: WorkspacesClientDiagnosticLogUploader::DeleteOldFiles: No files to delete at source path: C:\Users\Yoga\AppData\Local\Amazon Web Services\Amazon WorkSpaces\logs\untransmitted
2023-03-24T16:25:57.855Z: <GetPresignedURLAsync>d__4::MoveNext: Generated PreSigned URL for logName: WorkSpacesClient_2023_03_21_17_25_19.log, deviceId: FacUiS4DjzTASgAdbblAaleDAjA9lSJti_ar6Z4zAm8, orgName: d-92673560a3, logType: client
2023-03-24T16:25:59.905Z: <UploadFile>d__6::MoveNext: Uploaded file at path: C:\Users\Yoga\AppData\Local\Amazon Web Services\Amazon WorkSpaces\logs\WorkSpacesClient_2023_03_21_17_25_19.log to PreSigned URL with HTTP Status Code: "OK"
2023-03-24T16:25:59.907Z: AsyncStateMachineBox`1::ExecutionContextCallback: Succesfully uploaded and archived file: WorkSpacesClient_2023_03_21_17_25_19.log
2023-03-24T16:25:59.908Z: WorkspacesClientDiagnosticLogUploader::IsFileLocked: File is locked at filepath: C:\Users\Yoga\AppData\Local\Amazon Web Services\Amazon WorkSpaces\logs\WorkSpacesClient_2023_03_24_16_25_56.log
2023-03-24T16:25:59.909Z: AsyncStateMachineBox`1::ExecutionContextCallback: Current file [WorkSpacesClient_2023_03_24_16_25_56.log] to be uploaded is locked, skipping this upload until the next upload trigger.
2023-03-24T16:27:59.485Z: DiagnosticUploaderConsoleApp::OnClientWatcherCreated: FileSystemWatcher for logtype pcoip triggered, beginning upload and archive process at path: C:\Users\Yoga\AppData\Local\Amazon Web Services\Amazon WorkSpaces\logs\pcoip
2023-03-24T16:27:59.486Z: WorkspacesClientDiagnosticLogUploader::DeleteOldFiles: No files to delete at source path: C:\Users\Yoga\AppData\Local\Amazon Web Services\Amazon WorkSpaces\logs\pcoip\untransmitted
2023-03-24T16:28:07.712Z: <GetPresignedURLAsync>d__4::MoveNext: Generated PreSigned URL for logName: Pcoip_2023_03_21_17_03_55_2023_03_21T17_30_55Z_00000dc8.txt, deviceId: FacUiS4DjzTASgAdbblAaleDAjA9lSJti_ar6Z4zAm8, orgName: d-92673560a3, logType: pcoip
2023-03-24T16:28:09.938Z: <UploadFile>d__6::MoveNext: Uploaded file at path: C:\Users\Yoga\AppData\Local\Amazon Web Services\Amazon WorkSpaces\logs\pcoip\Pcoip_2023_03_21_17_03_55_2023_03_21T17_30_55Z_00000dc8.txt to PreSigned URL with HTTP Status Code: "OK"
2023-03-24T16:28:09.942Z: AsyncStateMachineBox`1::ExecutionContextCallback: Succesfully uploaded and archived file: Pcoip_2023_03_21_17_03_55_2023_03_21T17_30_55Z_00000dc8.txt
2023-03-24T16:28:09.942Z: WorkspacesClientDiagnosticLogUploader::IsFileLocked: File is locked at filepath: C:\Users\Yoga\AppData\Local\Amazon Web Services\Amazon WorkSpaces\logs\pcoip\Pcoip_2023_03_24_16_03_59_2023_03_24T16_27_59Z_000027ac.txt
2023-03-24T16:28:09.942Z: AsyncStateMachineBox`1::ExecutionContextCallback: Current file [Pcoip_2023_03_24_16_03_59_2023_03_24T16_27_59Z_000027ac.txt] to be uploaded is locked, skipping this upload until the next upload trigger.
2023-03-24T20:09:04.682Z: DiagnosticUploaderConsoleApp::OnClientWatcherCreated: FileSystemWatcher for logtype pcoip triggered, beginning upload and archive process at path: C:\Users\Yoga\AppData\Local\Amazon Web Services\Amazon WorkSpaces\logs\pcoip
2023-03-24T20:09:04.688Z: WorkspacesClientDiagnosticLogUploader::DeleteOldFiles: No files to delete at source path: C:\Users\Yoga\AppData\Local\Amazon Web Services\Amazon WorkSpaces\logs\pcoip\untransmitted
2023-03-24T20:09:05.936Z: <GetPresignedURLAsync>d__4::MoveNext: Generated PreSigned URL for logName: Pcoip_2023_03_24_16_03_59_2023_03_24T16_27_59Z_000027ac.txt, deviceId: FacUiS4DjzTASgAdbblAaleDAjA9lSJti_ar6Z4zAm8, orgName: d-92673560a3, logType: pcoip
2023-03-24T20:09:08.602Z: <UploadFile>d__6::MoveNext: Uploaded file at path: C:\Users\Yoga\AppData\Local\Amazon Web Services\Amazon WorkSpaces\logs\pcoip\Pcoip_2023_03_24_16_03_59_2023_03_24T16_27_59Z_000027ac.txt to PreSigned URL with HTTP Status Code: "OK"
2023-03-24T20:09:08.606Z: AsyncStateMachineBox`1::ExecutionContextCallback: Succesfully uploaded and archived file: Pcoip_2023_03_24_16_03_59_2023_03_24T16_27_59Z_000027ac.txt
2023-03-24T20:09:08.607Z: WorkspacesClientDiagnosticLogUploader::IsFileLocked: File is locked at filepath: C:\Users\Yoga\AppData\Local\Amazon Web Services\Amazon WorkSpaces\logs\pcoip\Pcoip_2023_03_24_20_03_04_2023_03_24T20_09_04Z_000027ac.txt
2023-03-24T20:09:08.607Z: AsyncStateMachineBox`1::ExecutionContextCallback: Current file [Pcoip_2023_03_24_20_03_04_2023_03_24T20_09_04Z_000027ac.txt] to be uploaded is locked, skipping this upload until the next upload trigger.
2023-03-25T05:58:02.955Z: DiagnosticUploaderConsoleApp::OnClientWatcherCreated: FileSystemWatcher for logtype pcoip triggered, beginning upload and archive process at path: C:\Users\Yoga\AppData\Local\Amazon Web Services\Amazon WorkSpaces\logs\pcoip
2023-03-25T05:58:02.962Z: <UploadAndArchiveFiles>d__7::MoveNext: No files to delete at source path: C:\Users\Yoga\AppData\Local\Amazon Web Services\Amazon WorkSpaces\logs\pcoip\untransmitted
2023-03-25T05:58:04.249Z: <GetPresignedURLAsync>d__4::MoveNext: Generated PreSigned URL for logName: Pcoip_2023_03_24_20_03_04_2023_03_24T20_09_04Z_000027ac.txt, deviceId: FacUiS4DjzTASgAdbblAaleDAjA9lSJti_ar6Z4zAm8, orgName: d-92673560a3, logType: pcoip
2023-03-25T05:58:06.916Z: <UploadFile>d__6::MoveNext: Uploaded file at path: C:\Users\Yoga\AppData\Local\Amazon Web Services\Amazon WorkSpaces\logs\pcoip\Pcoip_2023_03_24_20_03_04_2023_03_24T20_09_04Z_000027ac.txt to PreSigned URL with HTTP Status Code: "OK"
2023-03-25T05:58:06.919Z: AsyncStateMachineBox`1::ExecutionContextCallback: Succesfully uploaded and archived file: Pcoip_2023_03_24_20_03_04_2023_03_24T20_09_04Z_000027ac.txt
2023-03-25T05:58:06.933Z: WorkspacesClientDiagnosticLogUploader::IsFileLocked: File is locked at filepath: C:\Users\Yoga\AppData\Local\Amazon Web Services\Amazon WorkSpaces\logs\pcoip\Pcoip_2023_03_25_05_03_02_2023_03_25T05_58_02Z_000027ac.txt
2023-03-25T05:58:06.934Z: AsyncStateMachineBox`1::ExecutionContextCallback: Current file [Pcoip_2023_03_25_05_03_02_2023_03_25T05_58_02Z_000027ac.txt] to be uploaded is locked, skipping this upload until the next upload trigger.
2023-03-25T06:56:55.963Z: DiagnosticUploaderConsoleApp::OnClientWatcherCreated: FileSystemWatcher for logtype pcoip triggered, beginning upload and archive process at path: C:\Users\Yoga\AppData\Local\Amazon Web Services\Amazon WorkSpaces\logs\pcoip
2023-03-25T06:56:55.966Z: <UploadAndArchiveFiles>d__7::MoveNext: No files to delete at source path: C:\Users\Yoga\AppData\Local\Amazon Web Services\Amazon WorkSpaces\logs\pcoip\untransmitted
2023-03-25T06:56:57.127Z: <GetPresignedURLAsync>d__4::MoveNext: Generated PreSigned URL for logName: Pcoip_2023_03_25_05_03_02_2023_03_25T05_58_02Z_000027ac.txt, deviceId: FacUiS4DjzTASgAdbblAaleDAjA9lSJti_ar6Z4zAm8, orgName: d-92673560a3, logType: pcoip
2023-03-25T06:56:59.400Z: <UploadFile>d__6::MoveNext: Uploaded file at path: C:\Users\Yoga\AppData\Local\Amazon Web Services\Amazon WorkSpaces\logs\pcoip\Pcoip_2023_03_25_05_03_02_2023_03_25T05_58_02Z_000027ac.txt to PreSigned URL with HTTP Status Code: "OK"
2023-03-25T06:56:59.402Z: AsyncStateMachineBox`1::ExecutionContextCallback: Succesfully uploaded and archived file: Pcoip_2023_03_25_05_03_02_2023_03_25T05_58_02Z_000027ac.txt
2023-03-25T06:56:59.402Z: WorkspacesClientDiagnosticLogUploader::IsFileLocked: File is locked at filepath: C:\Users\Yoga\AppData\Local\Amazon Web Services\Amazon WorkSpaces\logs\pcoip\Pcoip_2023_03_25_06_03_55_2023_03_25T06_56_55Z_000027ac.txt
2023-03-25T06:56:59.403Z: AsyncStateMachineBox`1::ExecutionContextCallback: Current file [Pcoip_2023_03_25_06_03_55_2023_03_25T06_56_55Z_000027ac.txt] to be uploaded is locked, skipping this upload until the next upload trigger.
2023-03-25T09:09:40.204Z: DiagnosticUploaderConsoleApp::OnClientWatcherCreated: FileSystemWatcher for logtype pcoip triggered, beginning upload and archive process at path: C:\Users\Yoga\AppData\Local\Amazon Web Services\Amazon WorkSpaces\logs\pcoip
2023-03-25T09:09:40.205Z: <UploadAndArchiveFiles>d__7::MoveNext: No files to delete at source path: C:\Users\Yoga\AppData\Local\Amazon Web Services\Amazon WorkSpaces\logs\pcoip\untransmitted
2023-03-25T09:09:41.535Z: <GetPresignedURLAsync>d__4::MoveNext: Generated PreSigned URL for logName: Pcoip_2023_03_25_06_03_55_2023_03_25T06_56_55Z_000027ac.txt, deviceId: FacUiS4DjzTASgAdbblAaleDAjA9lSJti_ar6Z4zAm8, orgName: d-92673560a3, logType: pcoip
2023-03-25T09:09:43.874Z: <UploadFile>d__6::MoveNext: Uploaded file at path: C:\Users\Yoga\AppData\Local\Amazon Web Services\Amazon WorkSpaces\logs\pcoip\Pcoip_2023_03_25_06_03_55_2023_03_25T06_56_55Z_000027ac.txt to PreSigned URL with HTTP Status Code: "OK"
2023-03-25T09:09:43.879Z: AsyncStateMachineBox`1::ExecutionContextCallback: Succesfully uploaded and archived file: Pcoip_2023_03_25_06_03_55_2023_03_25T06_56_55Z_000027ac.txt
2023-03-25T09:09:43.879Z: WorkspacesClientDiagnosticLogUploader::IsFileLocked: File is locked at filepath: C:\Users\Yoga\AppData\Local\Amazon Web Services\Amazon WorkSpaces\logs\pcoip\Pcoip_2023_03_25_09_03_40_2023_03_25T09_09_40Z_000027ac.txt
2023-03-25T09:09:43.879Z: AsyncStateMachineBox`1::ExecutionContextCallback: Current file [Pcoip_2023_03_25_09_03_40_2023_03_25T09_09_40Z_000027ac.txt] to be uploaded is locked, skipping this upload until the next upload trigger.
2023-03-25T09:18:41.399Z: DiagnosticUploaderConsoleApp::OnClientWatcherCreated: FileSystemWatcher for logtype pcoip triggered, beginning upload and archive process at path: C:\Users\Yoga\AppData\Local\Amazon Web Services\Amazon WorkSpaces\logs\pcoip
2023-03-25T09:18:41.400Z: <UploadAndArchiveFiles>d__7::MoveNext: No files to delete at source path: C:\Users\Yoga\AppData\Local\Amazon Web Services\Amazon WorkSpaces\logs\pcoip\untransmitted
2023-03-25T09:18:42.657Z: <GetPresignedURLAsync>d__4::MoveNext: Generated PreSigned URL for logName: Pcoip_2023_03_25_09_03_40_2023_03_25T09_09_40Z_000027ac.txt, deviceId: FacUiS4DjzTASgAdbblAaleDAjA9lSJti_ar6Z4zAm8, orgName: d-92673560a3, logType: pcoip
2023-03-25T09:18:44.539Z: <UploadFile>d__6::MoveNext: Uploaded file at path: C:\Users\Yoga\AppData\Local\Amazon Web Services\Amazon WorkSpaces\logs\pcoip\Pcoip_2023_03_25_09_03_40_2023_03_25T09_09_40Z_000027ac.txt to PreSigned URL with HTTP Status Code: "OK"
2023-03-25T09:18:44.543Z: AsyncStateMachineBox`1::ExecutionContextCallback: Succesfully uploaded and archived file: Pcoip_2023_03_25_09_03_40_2023_03_25T09_09_40Z_000027ac.txt
2023-03-25T09:18:44.544Z: WorkspacesClientDiagnosticLogUploader::IsFileLocked: File is locked at filepath: C:\Users\Yoga\AppData\Local\Amazon Web Services\Amazon WorkSpaces\logs\pcoip\Pcoip_2023_03_25_09_03_41_2023_03_25T09_18_41Z_000027ac.txt
2023-03-25T09:18:44.544Z: AsyncStateMachineBox`1::ExecutionContextCallback: Current file [Pcoip_2023_03_25_09_03_41_2023_03_25T09_18_41Z_000027ac.txt] to be uploaded is locked, skipping this upload until the next upload trigger.
2023-03-25T09:20:34.449Z: DiagnosticUploaderConsoleApp::OnClientWatcherCreated: FileSystemWatcher for logtype pcoip triggered, beginning upload and archive process at path: C:\Users\Yoga\AppData\Local\Amazon Web Services\Amazon WorkSpaces\logs\pcoip
2023-03-25T09:20:34.450Z: <UploadAndArchiveFiles>d__7::MoveNext: No files to delete at source path: C:\Users\Yoga\AppData\Local\Amazon Web Services\Amazon WorkSpaces\logs\pcoip\untransmitted
2023-03-25T09:20:34.452Z: WorkspacesClientDiagnosticLogUploader::IsFileLocked: File is locked at filepath: C:\Users\Yoga\AppData\Local\Amazon Web Services\Amazon WorkSpaces\logs\pcoip\Pcoip_2023_03_25_09_03_34_2023_03_25T09_20_34Z_000027ac.txt
2023-03-25T09:20:34.452Z: AsyncMethodBuilderCore::Start: Current file [Pcoip_2023_03_25_09_03_34_2023_03_25T09_20_34Z_000027ac.txt] to be uploaded is locked, skipping this upload until the next upload trigger.
2023-03-25T09:20:35.601Z: <GetPresignedURLAsync>d__4::MoveNext: Generated PreSigned URL for logName: Pcoip_2023_03_25_09_03_41_2023_03_25T09_18_41Z_000027ac.txt, deviceId: FacUiS4DjzTASgAdbblAaleDAjA9lSJti_ar6Z4zAm8, orgName: d-92673560a3, logType: pcoip
2023-03-25T09:20:37.550Z: <UploadFile>d__6::MoveNext: Uploaded file at path: C:\Users\Yoga\AppData\Local\Amazon Web Services\Amazon WorkSpaces\logs\pcoip\Pcoip_2023_03_25_09_03_41_2023_03_25T09_18_41Z_000027ac.txt to PreSigned URL with HTTP Status Code: "OK"
2023-03-25T09:20:37.553Z: AsyncStateMachineBox`1::ExecutionContextCallback: Succesfully uploaded and archived file: Pcoip_2023_03_25_09_03_41_2023_03_25T09_18_41Z_000027ac.txt
2023-03-25T09:30:30.122Z: DiagnosticUploaderConsoleApp::OnClientWatcherCreated: FileSystemWatcher for logtype pcoip triggered, beginning upload and archive process at path: C:\Users\Yoga\AppData\Local\Amazon Web Services\Amazon WorkSpaces\logs\pcoip
2023-03-25T09:30:30.123Z: <UploadAndArchiveFiles>d__7::MoveNext: No files to delete at source path: C:\Users\Yoga\AppData\Local\Amazon Web Services\Amazon WorkSpaces\logs\pcoip\untransmitted
2023-03-25T09:30:30.135Z: WorkspacesClientDiagnosticLogUploader::IsFileLocked: File is locked at filepath: C:\Users\Yoga\AppData\Local\Amazon Web Services\Amazon WorkSpaces\logs\pcoip\Pcoip_2023_03_25_09_03_30_2023_03_25T09_30_30Z_000027ac.txt
2023-03-25T09:30:30.136Z: AsyncMethodBuilderCore::Start: Current file [Pcoip_2023_03_25_09_03_30_2023_03_25T09_30_30Z_000027ac.txt] to be uploaded is locked, skipping this upload until the next upload trigger.
2023-03-25T09:30:31.411Z: <GetPresignedURLAsync>d__4::MoveNext: Generated PreSigned URL for logName: Pcoip_2023_03_25_09_03_34_2023_03_25T09_20_34Z_000027ac.txt, deviceId: FacUiS4DjzTASgAdbblAaleDAjA9lSJti_ar6Z4zAm8, orgName: d-92673560a3, logType: pcoip
2023-03-25T09:30:33.725Z: <UploadFile>d__6::MoveNext: Uploaded file at path: C:\Users\Yoga\AppData\Local\Amazon Web Services\Amazon WorkSpaces\logs\pcoip\Pcoip_2023_03_25_09_03_34_2023_03_25T09_20_34Z_000027ac.txt to PreSigned URL with HTTP Status Code: "OK"
2023-03-25T09:30:33.728Z: AsyncStateMachineBox`1::ExecutionContextCallback: Succesfully uploaded and archived file: Pcoip_2023_03_25_09_03_34_2023_03_25T09_20_34Z_000027ac.txt
2023-03-25T09:32:27.995Z: FileSystemWatcher::NotifyFileSystemEventArgs: FileSystemWatcher for logtype pcoip triggered, beginning upload and archive process at path: C:\Users\Yoga\AppData\Local\Amazon Web Services\Amazon WorkSpaces\logs\pcoip
2023-03-25T09:32:27.996Z: <UploadAndArchiveFiles>d__7::MoveNext: No files to delete at source path: C:\Users\Yoga\AppData\Local\Amazon Web Services\Amazon WorkSpaces\logs\pcoip\untransmitted
2023-03-25T09:32:27.997Z: WorkspacesClientDiagnosticLogUploader::IsFileLocked: File is locked at filepath: C:\Users\Yoga\AppData\Local\Amazon Web Services\Amazon WorkSpaces\logs\pcoip\Pcoip_2023_03_25_09_03_27_2023_03_25T09_32_27Z_000027ac.txt
2023-03-25T09:32:27.997Z: AsyncMethodBuilderCore::Start: Current file [Pcoip_2023_03_25_09_03_27_2023_03_25T09_32_27Z_000027ac.txt] to be uploaded is locked, skipping this upload until the next upload trigger.
2023-03-25T09:32:29.273Z: AsyncStateMachineBox`1::ExecutionContextCallback: Generated PreSigned URL for logName: Pcoip_2023_03_25_09_03_30_2023_03_25T09_30_30Z_000027ac.txt, deviceId: FacUiS4DjzTASgAdbblAaleDAjA9lSJti_ar6Z4zAm8, orgName: d-92673560a3, logType: pcoip
2023-03-25T09:32:31.157Z: <UploadFile>d__6::MoveNext: Uploaded file at path: C:\Users\Yoga\AppData\Local\Amazon Web Services\Amazon WorkSpaces\logs\pcoip\Pcoip_2023_03_25_09_03_30_2023_03_25T09_30_30Z_000027ac.txt to PreSigned URL with HTTP Status Code: "OK"
2023-03-25T09:32:31.159Z: AsyncStateMachineBox`1::ExecutionContextCallback: Succesfully uploaded and archived file: Pcoip_2023_03_25_09_03_30_2023_03_25T09_30_30Z_000027ac.txt
2023-03-25T09:37:43.248Z: FileSystemWatcher::NotifyFileSystemEventArgs: FileSystemWatcher for logtype pcoip triggered, beginning upload and archive process at path: C:\Users\Yoga\AppData\Local\Amazon Web Services\Amazon WorkSpaces\logs\pcoip
2023-03-25T09:37:43.249Z: <UploadAndArchiveFiles>d__7::MoveNext: No files to delete at source path: C:\Users\Yoga\AppData\Local\Amazon Web Services\Amazon WorkSpaces\logs\pcoip\untransmitted
2023-03-25T09:37:44.459Z: AsyncStateMachineBox`1::ExecutionContextCallback: Generated PreSigned URL for logName: Pcoip_2023_03_25_09_03_27_2023_03_25T09_32_27Z_000027ac.txt, deviceId: FacUiS4DjzTASgAdbblAaleDAjA9lSJti_ar6Z4zAm8, orgName: d-92673560a3, logType: pcoip
2023-03-25T09:37:46.027Z: <UploadFile>d__6::MoveNext: Uploaded file at path: C:\Users\Yoga\AppData\Local\Amazon Web Services\Amazon WorkSpaces\logs\pcoip\Pcoip_2023_03_25_09_03_27_2023_03_25T09_32_27Z_000027ac.txt to PreSigned URL with HTTP Status Code: "OK"
2023-03-25T09:37:46.029Z: AsyncStateMachineBox`1::ExecutionContextCallback: Succesfully uploaded and archived file: Pcoip_2023_03_25_09_03_27_2023_03_25T09_32_27Z_000027ac.txt
2023-03-25T09:37:46.029Z: WorkspacesClientDiagnosticLogUploader::IsFileLocked: File is locked at filepath: C:\Users\Yoga\AppData\Local\Amazon Web Services\Amazon WorkSpaces\logs\pcoip\Pcoip_2023_03_25_09_03_43_2023_03_25T09_37_43Z_000027ac.txt
2023-03-25T09:37:46.029Z: AsyncStateMachineBox`1::ExecutionContextCallback: Current file [Pcoip_2023_03_25_09_03_43_2023_03_25T09_37_43Z_000027ac.txt] to be uploaded is locked, skipping this upload until the next upload trigger.
