2023-11-13 18:02:00,457 ERROR [errorlog] com.eviware.soapui.support.SoapUIException: Failed to load project from file [file:/C:/Users/Yoga/Desktop/BAPI_EBDR_CREATEMULTIPLE.wsdl]
com.eviware.soapui.support.SoapUIException: Failed to load project from file [file:/C:/Users/Yoga/Desktop/BAPI_EBDR_CREATEMULTIPLE.wsdl]
	at com.eviware.soapui.impl.wsdl.WsdlProject.loadProject(WsdlProject.java:334) ~[soapui-5.7.2.jar:5.7.2]
	at com.eviware.soapui.impl.wsdl.WsdlProject.<init>(WsdlProject.java:220) ~[soapui-5.7.2.jar:5.7.2]
	at com.eviware.soapui.impl.wsdl.WsdlProject.<init>(WsdlProject.java:201) ~[soapui-5.7.2.jar:5.7.2]
	at com.eviware.soapui.impl.wsdl.WsdlProjectFactory.createNew(WsdlProjectFactory.java:49) ~[soapui-5.7.2.jar:5.7.2]
	at com.eviware.soapui.impl.wsdl.WsdlProjectFactory.createNew(WsdlProjectFactory.java:28) ~[soapui-5.7.2.jar:5.7.2]
	at com.eviware.soapui.impl.WorkspaceImpl.importProject(WorkspaceImpl.java:386) ~[soapui-5.7.2.jar:5.7.2]
	at com.eviware.soapui.impl.actions.ImportWsdlProjectAction.perform(ImportWsdlProjectAction.java:66) ~[soapui-5.7.2.jar:5.7.2]
	at com.eviware.soapui.impl.actions.ImportWsdlProjectAction.perform(ImportWsdlProjectAction.java:38) ~[soapui-5.7.2.jar:5.7.2]
	at com.eviware.soapui.SoapUI$ImportWsdlProjectActionDelegate.actionPerformed(SoapUI.java:1632) ~[soapui-5.7.2.jar:5.7.2]
	at javax.swing.AbstractButton.fireActionPerformed(AbstractButton.java:1972) ~[?:?]
	at javax.swing.AbstractButton$Handler.actionPerformed(AbstractButton.java:2313) ~[?:?]
	at javax.swing.DefaultButtonModel.fireActionPerformed(DefaultButtonModel.java:405) ~[?:?]
	at javax.swing.DefaultButtonModel.setPressed(DefaultButtonModel.java:262) ~[?:?]
	at javax.swing.plaf.basic.BasicButtonListener.mouseReleased(BasicButtonListener.java:279) ~[?:?]
	at java.awt.AWTEventMulticaster.mouseReleased(AWTEventMulticaster.java:297) ~[?:?]
	at java.awt.Component.processMouseEvent(Component.java:6617) ~[?:?]
	at javax.swing.JComponent.processMouseEvent(JComponent.java:3342) ~[?:?]
	at java.awt.Component.processEvent(Component.java:6382) ~[?:?]
	at java.awt.Container.processEvent(Container.java:2264) ~[?:?]
	at java.awt.Component.dispatchEventImpl(Component.java:4993) ~[?:?]
	at java.awt.Container.dispatchEventImpl(Container.java:2322) ~[?:?]
	at java.awt.Component.dispatchEvent(Component.java:4825) ~[?:?]
	at java.awt.LightweightDispatcher.retargetMouseEvent(Container.java:4934) ~[?:?]
	at java.awt.LightweightDispatcher.processMouseEvent(Container.java:4563) ~[?:?]
	at java.awt.LightweightDispatcher.dispatchEvent(Container.java:4504) ~[?:?]
	at java.awt.Container.dispatchEventImpl(Container.java:2308) ~[?:?]
	at java.awt.Window.dispatchEventImpl(Window.java:2773) ~[?:?]
	at java.awt.Component.dispatchEvent(Component.java:4825) ~[?:?]
	at java.awt.EventQueue.dispatchEventImpl(EventQueue.java:772) ~[?:?]
	at java.awt.EventQueue$4.run(EventQueue.java:721) ~[?:?]
	at java.awt.EventQueue$4.run(EventQueue.java:715) ~[?:?]
	at java.security.AccessController.doPrivileged(AccessController.java:391) [?:?]
	at java.security.ProtectionDomain$JavaSecurityAccessImpl.doIntersectionPrivilege(ProtectionDomain.java:85) ~[?:?]
	at java.security.ProtectionDomain$JavaSecurityAccessImpl.doIntersectionPrivilege(ProtectionDomain.java:95) ~[?:?]
	at java.awt.EventQueue$5.run(EventQueue.java:745) ~[?:?]
	at java.awt.EventQueue$5.run(EventQueue.java:743) ~[?:?]
	at java.security.AccessController.doPrivileged(AccessController.java:391) [?:?]
	at java.security.ProtectionDomain$JavaSecurityAccessImpl.doIntersectionPrivilege(ProtectionDomain.java:85) [?:?]
	at java.awt.EventQueue.dispatchEvent(EventQueue.java:742) [?:?]
	at java.awt.EventDispatchThread.pumpOneEventForFilters(EventDispatchThread.java:203) [?:?]
	at java.awt.EventDispatchThread.pumpEventsForFilter(EventDispatchThread.java:124) [?:?]
	at java.awt.EventDispatchThread.pumpEventsForHierarchy(EventDispatchThread.java:113) [?:?]
	at java.awt.EventDispatchThread.pumpEvents(EventDispatchThread.java:109) [?:?]
	at java.awt.EventDispatchThread.pumpEvents(EventDispatchThread.java:101) [?:?]
	at java.awt.EventDispatchThread.run(EventDispatchThread.java:90) [?:?]
Caused by: org.apache.xmlbeans.XmlException: error: The document is not a soapui-project@http://eviware.com/soapui/config: document element mismatch got rfcSignature@http://www.sap.com/aco
	at org.apache.xmlbeans.impl.store.Locale.verifyDocumentType(Locale.java:454) ~[xmlbeans-3.1.1-sb-fixed.jar:?]
	at org.apache.xmlbeans.impl.store.Locale.autoTypeDocument(Locale.java:359) ~[xmlbeans-3.1.1-sb-fixed.jar:?]
	at org.apache.xmlbeans.impl.store.Locale.parseToXmlObject(Locale.java:1275) ~[xmlbeans-3.1.1-sb-fixed.jar:?]
	at org.apache.xmlbeans.impl.store.Locale.parseToXmlObject(Locale.java:1259) ~[xmlbeans-3.1.1-sb-fixed.jar:?]
	at org.apache.xmlbeans.impl.schema.SchemaTypeLoaderBase.parse(SchemaTypeLoaderBase.java:345) ~[xmlbeans-3.1.1-sb-fixed.jar:?]
	at com.eviware.soapui.config.SoapuiProjectDocumentConfig$Factory.parse(SoapuiProjectDocumentConfig.java:71) ~[soapui-5.7.2.jar:5.7.2]
	at com.eviware.soapui.impl.wsdl.WsdlProject.loadProjectFromInputStream(WsdlProject.java:356) ~[soapui-5.7.2.jar:5.7.2]
	at com.eviware.soapui.impl.wsdl.WsdlProject.loadProject(WsdlProject.java:317) ~[soapui-5.7.2.jar:5.7.2]
	... 44 more
2023-11-13 18:02:27,176 ERROR [errorlog] com.eviware.soapui.support.SoapUIException: Failed to load project from file [file:/C:/Users/Yoga/Desktop/BAPI_EBDR_CREATEMULTIPLE.xml]
com.eviware.soapui.support.SoapUIException: Failed to load project from file [file:/C:/Users/Yoga/Desktop/BAPI_EBDR_CREATEMULTIPLE.xml]
	at com.eviware.soapui.impl.wsdl.WsdlProject.loadProject(WsdlProject.java:334) ~[soapui-5.7.2.jar:5.7.2]
	at com.eviware.soapui.impl.wsdl.WsdlProject.<init>(WsdlProject.java:220) ~[soapui-5.7.2.jar:5.7.2]
	at com.eviware.soapui.impl.wsdl.WsdlProject.<init>(WsdlProject.java:201) ~[soapui-5.7.2.jar:5.7.2]
	at com.eviware.soapui.impl.wsdl.WsdlProjectFactory.createNew(WsdlProjectFactory.java:49) ~[soapui-5.7.2.jar:5.7.2]
	at com.eviware.soapui.impl.wsdl.WsdlProjectFactory.createNew(WsdlProjectFactory.java:28) ~[soapui-5.7.2.jar:5.7.2]
	at com.eviware.soapui.impl.WorkspaceImpl.importProject(WorkspaceImpl.java:386) ~[soapui-5.7.2.jar:5.7.2]
	at com.eviware.soapui.impl.actions.ImportWsdlProjectAction.perform(ImportWsdlProjectAction.java:66) ~[soapui-5.7.2.jar:5.7.2]
	at com.eviware.soapui.impl.actions.ImportWsdlProjectAction.perform(ImportWsdlProjectAction.java:38) ~[soapui-5.7.2.jar:5.7.2]
	at com.eviware.soapui.SoapUI$ImportWsdlProjectActionDelegate.actionPerformed(SoapUI.java:1632) ~[soapui-5.7.2.jar:5.7.2]
	at javax.swing.AbstractButton.fireActionPerformed(AbstractButton.java:1972) ~[?:?]
	at javax.swing.AbstractButton$Handler.actionPerformed(AbstractButton.java:2313) ~[?:?]
	at javax.swing.DefaultButtonModel.fireActionPerformed(DefaultButtonModel.java:405) ~[?:?]
	at javax.swing.DefaultButtonModel.setPressed(DefaultButtonModel.java:262) ~[?:?]
	at javax.swing.plaf.basic.BasicButtonListener.mouseReleased(BasicButtonListener.java:279) ~[?:?]
	at java.awt.AWTEventMulticaster.mouseReleased(AWTEventMulticaster.java:297) ~[?:?]
	at java.awt.Component.processMouseEvent(Component.java:6617) ~[?:?]
	at javax.swing.JComponent.processMouseEvent(JComponent.java:3342) ~[?:?]
	at java.awt.Component.processEvent(Component.java:6382) ~[?:?]
	at java.awt.Container.processEvent(Container.java:2264) ~[?:?]
	at java.awt.Component.dispatchEventImpl(Component.java:4993) ~[?:?]
	at java.awt.Container.dispatchEventImpl(Container.java:2322) ~[?:?]
	at java.awt.Component.dispatchEvent(Component.java:4825) ~[?:?]
	at java.awt.LightweightDispatcher.retargetMouseEvent(Container.java:4934) ~[?:?]
	at java.awt.LightweightDispatcher.processMouseEvent(Container.java:4563) ~[?:?]
	at java.awt.LightweightDispatcher.dispatchEvent(Container.java:4504) ~[?:?]
	at java.awt.Container.dispatchEventImpl(Container.java:2308) ~[?:?]
	at java.awt.Window.dispatchEventImpl(Window.java:2773) ~[?:?]
	at java.awt.Component.dispatchEvent(Component.java:4825) ~[?:?]
	at java.awt.EventQueue.dispatchEventImpl(EventQueue.java:772) ~[?:?]
	at java.awt.EventQueue$4.run(EventQueue.java:721) ~[?:?]
	at java.awt.EventQueue$4.run(EventQueue.java:715) ~[?:?]
	at java.security.AccessController.doPrivileged(AccessController.java:391) [?:?]
	at java.security.ProtectionDomain$JavaSecurityAccessImpl.doIntersectionPrivilege(ProtectionDomain.java:85) ~[?:?]
	at java.security.ProtectionDomain$JavaSecurityAccessImpl.doIntersectionPrivilege(ProtectionDomain.java:95) ~[?:?]
	at java.awt.EventQueue$5.run(EventQueue.java:745) ~[?:?]
	at java.awt.EventQueue$5.run(EventQueue.java:743) ~[?:?]
	at java.security.AccessController.doPrivileged(AccessController.java:391) [?:?]
	at java.security.ProtectionDomain$JavaSecurityAccessImpl.doIntersectionPrivilege(ProtectionDomain.java:85) [?:?]
	at java.awt.EventQueue.dispatchEvent(EventQueue.java:742) [?:?]
	at java.awt.EventDispatchThread.pumpOneEventForFilters(EventDispatchThread.java:203) [?:?]
	at java.awt.EventDispatchThread.pumpEventsForFilter(EventDispatchThread.java:124) [?:?]
	at java.awt.EventDispatchThread.pumpEventsForHierarchy(EventDispatchThread.java:113) [?:?]
	at java.awt.EventDispatchThread.pumpEvents(EventDispatchThread.java:109) [?:?]
	at java.awt.EventDispatchThread.pumpEvents(EventDispatchThread.java:101) [?:?]
	at java.awt.EventDispatchThread.run(EventDispatchThread.java:90) [?:?]
Caused by: org.apache.xmlbeans.XmlException: error: The document is not a soapui-project@http://eviware.com/soapui/config: document element mismatch got rfcSignature@http://www.sap.com/aco
	at org.apache.xmlbeans.impl.store.Locale.verifyDocumentType(Locale.java:454) ~[xmlbeans-3.1.1-sb-fixed.jar:?]
	at org.apache.xmlbeans.impl.store.Locale.autoTypeDocument(Locale.java:359) ~[xmlbeans-3.1.1-sb-fixed.jar:?]
	at org.apache.xmlbeans.impl.store.Locale.parseToXmlObject(Locale.java:1275) ~[xmlbeans-3.1.1-sb-fixed.jar:?]
	at org.apache.xmlbeans.impl.store.Locale.parseToXmlObject(Locale.java:1259) ~[xmlbeans-3.1.1-sb-fixed.jar:?]
	at org.apache.xmlbeans.impl.schema.SchemaTypeLoaderBase.parse(SchemaTypeLoaderBase.java:345) ~[xmlbeans-3.1.1-sb-fixed.jar:?]
	at com.eviware.soapui.config.SoapuiProjectDocumentConfig$Factory.parse(SoapuiProjectDocumentConfig.java:71) ~[soapui-5.7.2.jar:5.7.2]
	at com.eviware.soapui.impl.wsdl.WsdlProject.loadProjectFromInputStream(WsdlProject.java:356) ~[soapui-5.7.2.jar:5.7.2]
	at com.eviware.soapui.impl.wsdl.WsdlProject.loadProject(WsdlProject.java:317) ~[soapui-5.7.2.jar:5.7.2]
	... 44 more
2023-11-13 18:02:33,877 ERROR [errorlog] com.eviware.soapui.support.SoapUIException: Failed to load project from file [file:/C:/Users/Yoga/Desktop/BAPI_EBDR_CREATEMULTIPLE.xml]
com.eviware.soapui.support.SoapUIException: Failed to load project from file [file:/C:/Users/Yoga/Desktop/BAPI_EBDR_CREATEMULTIPLE.xml]
	at com.eviware.soapui.impl.wsdl.WsdlProject.loadProject(WsdlProject.java:334) ~[soapui-5.7.2.jar:5.7.2]
	at com.eviware.soapui.impl.wsdl.WsdlProject.<init>(WsdlProject.java:220) ~[soapui-5.7.2.jar:5.7.2]
	at com.eviware.soapui.impl.wsdl.WsdlProjectFactory.createNew(WsdlProjectFactory.java:58) ~[soapui-5.7.2.jar:5.7.2]
	at com.eviware.soapui.impl.wsdl.WsdlProjectFactory.createNew(WsdlProjectFactory.java:28) ~[soapui-5.7.2.jar:5.7.2]
	at com.eviware.soapui.impl.WorkspaceImpl.reloadProject(WorkspaceImpl.java:540) ~[soapui-5.7.2.jar:5.7.2]
	at com.eviware.soapui.impl.wsdl.WsdlProject.reload(WsdlProject.java:1352) ~[soapui-5.7.2.jar:5.7.2]
	at com.eviware.soapui.impl.wsdl.actions.project.ReloadProjectAction.perform(ReloadProjectAction.java:54) ~[soapui-5.7.2.jar:5.7.2]
	at com.eviware.soapui.impl.wsdl.actions.project.ReloadProjectAction.perform(ReloadProjectAction.java:32) ~[soapui-5.7.2.jar:5.7.2]
	at com.eviware.soapui.support.action.swing.SwingActionDelegate.actionPerformed(SwingActionDelegate.java:93) ~[soapui-5.7.2.jar:5.7.2]
	at com.eviware.soapui.support.action.swing.DefaultActionList.performDefaultAction(DefaultActionList.java:96) ~[soapui-5.7.2.jar:5.7.2]
	at com.eviware.soapui.ui.navigator.Navigator$TreeMouseListener$1.run(Navigator.java:327) ~[soapui-5.7.2.jar:5.7.2]
	at java.awt.event.InvocationEvent.dispatch(InvocationEvent.java:316) ~[?:?]
	at java.awt.EventQueue.dispatchEventImpl(EventQueue.java:770) ~[?:?]
	at java.awt.EventQueue$4.run(EventQueue.java:721) ~[?:?]
	at java.awt.EventQueue$4.run(EventQueue.java:715) ~[?:?]
	at java.security.AccessController.doPrivileged(AccessController.java:391) [?:?]
	at java.security.ProtectionDomain$JavaSecurityAccessImpl.doIntersectionPrivilege(ProtectionDomain.java:85) [?:?]
	at java.awt.EventQueue.dispatchEvent(EventQueue.java:740) [?:?]
	at java.awt.EventDispatchThread.pumpOneEventForFilters(EventDispatchThread.java:203) [?:?]
	at java.awt.EventDispatchThread.pumpEventsForFilter(EventDispatchThread.java:124) [?:?]
	at java.awt.EventDispatchThread.pumpEventsForHierarchy(EventDispatchThread.java:113) [?:?]
	at java.awt.EventDispatchThread.pumpEvents(EventDispatchThread.java:109) [?:?]
	at java.awt.EventDispatchThread.pumpEvents(EventDispatchThread.java:101) [?:?]
	at java.awt.EventDispatchThread.run(EventDispatchThread.java:90) [?:?]
Caused by: org.apache.xmlbeans.XmlException: error: The document is not a soapui-project@http://eviware.com/soapui/config: document element mismatch got rfcSignature@http://www.sap.com/aco
	at org.apache.xmlbeans.impl.store.Locale.verifyDocumentType(Locale.java:454) ~[xmlbeans-3.1.1-sb-fixed.jar:?]
	at org.apache.xmlbeans.impl.store.Locale.autoTypeDocument(Locale.java:359) ~[xmlbeans-3.1.1-sb-fixed.jar:?]
	at org.apache.xmlbeans.impl.store.Locale.parseToXmlObject(Locale.java:1275) ~[xmlbeans-3.1.1-sb-fixed.jar:?]
	at org.apache.xmlbeans.impl.store.Locale.parseToXmlObject(Locale.java:1259) ~[xmlbeans-3.1.1-sb-fixed.jar:?]
	at org.apache.xmlbeans.impl.schema.SchemaTypeLoaderBase.parse(SchemaTypeLoaderBase.java:345) ~[xmlbeans-3.1.1-sb-fixed.jar:?]
	at com.eviware.soapui.config.SoapuiProjectDocumentConfig$Factory.parse(SoapuiProjectDocumentConfig.java:71) ~[soapui-5.7.2.jar:5.7.2]
	at com.eviware.soapui.impl.wsdl.WsdlProject.loadProjectFromInputStream(WsdlProject.java:356) ~[soapui-5.7.2.jar:5.7.2]
	at com.eviware.soapui.impl.wsdl.WsdlProject.loadProject(WsdlProject.java:317) ~[soapui-5.7.2.jar:5.7.2]
	... 23 more
2023-11-13 18:02:40,209 ERROR [errorlog] com.eviware.soapui.support.SoapUIException: Failed to load project from file [file:/C:/Users/Yoga/Desktop/BAPI_EBDR_CREATEMULTIPLE.xml]
com.eviware.soapui.support.SoapUIException: Failed to load project from file [file:/C:/Users/Yoga/Desktop/BAPI_EBDR_CREATEMULTIPLE.xml]
	at com.eviware.soapui.impl.wsdl.WsdlProject.loadProject(WsdlProject.java:334) ~[soapui-5.7.2.jar:5.7.2]
	at com.eviware.soapui.impl.wsdl.WsdlProject.<init>(WsdlProject.java:220) ~[soapui-5.7.2.jar:5.7.2]
	at com.eviware.soapui.impl.wsdl.WsdlProjectFactory.createNew(WsdlProjectFactory.java:58) ~[soapui-5.7.2.jar:5.7.2]
	at com.eviware.soapui.impl.wsdl.WsdlProjectFactory.createNew(WsdlProjectFactory.java:28) ~[soapui-5.7.2.jar:5.7.2]
	at com.eviware.soapui.impl.WorkspaceImpl.reloadProject(WorkspaceImpl.java:540) ~[soapui-5.7.2.jar:5.7.2]
	at com.eviware.soapui.impl.wsdl.WsdlProject.reload(WsdlProject.java:1352) ~[soapui-5.7.2.jar:5.7.2]
	at com.eviware.soapui.impl.wsdl.actions.project.ReloadProjectAction.perform(ReloadProjectAction.java:54) ~[soapui-5.7.2.jar:5.7.2]
	at com.eviware.soapui.impl.wsdl.actions.project.ReloadProjectAction.perform(ReloadProjectAction.java:32) ~[soapui-5.7.2.jar:5.7.2]
	at com.eviware.soapui.support.action.swing.SwingActionDelegate.actionPerformed(SwingActionDelegate.java:93) ~[soapui-5.7.2.jar:5.7.2]
	at javax.swing.AbstractButton.fireActionPerformed(AbstractButton.java:1972) ~[?:?]
	at javax.swing.AbstractButton$Handler.actionPerformed(AbstractButton.java:2313) ~[?:?]
	at javax.swing.DefaultButtonModel.fireActionPerformed(DefaultButtonModel.java:405) ~[?:?]
	at javax.swing.DefaultButtonModel.setPressed(DefaultButtonModel.java:262) ~[?:?]
	at javax.swing.AbstractButton.doClick(AbstractButton.java:374) ~[?:?]
	at javax.swing.plaf.basic.BasicMenuItemUI.doClick(BasicMenuItemUI.java:1022) ~[?:?]
	at javax.swing.plaf.basic.BasicMenuItemUI$Handler.mouseReleased(BasicMenuItemUI.java:1066) ~[?:?]
	at java.awt.AWTEventMulticaster.mouseReleased(AWTEventMulticaster.java:297) ~[?:?]
	at java.awt.Component.processMouseEvent(Component.java:6617) ~[?:?]
	at javax.swing.JComponent.processMouseEvent(JComponent.java:3342) ~[?:?]
	at java.awt.Component.processEvent(Component.java:6382) ~[?:?]
	at java.awt.Container.processEvent(Container.java:2264) ~[?:?]
	at java.awt.Component.dispatchEventImpl(Component.java:4993) ~[?:?]
	at java.awt.Container.dispatchEventImpl(Container.java:2322) ~[?:?]
	at java.awt.Component.dispatchEvent(Component.java:4825) ~[?:?]
	at java.awt.LightweightDispatcher.retargetMouseEvent(Container.java:4934) ~[?:?]
	at java.awt.LightweightDispatcher.processMouseEvent(Container.java:4563) ~[?:?]
	at java.awt.LightweightDispatcher.dispatchEvent(Container.java:4504) ~[?:?]
	at java.awt.Container.dispatchEventImpl(Container.java:2308) ~[?:?]
	at java.awt.Window.dispatchEventImpl(Window.java:2773) ~[?:?]
	at java.awt.Component.dispatchEvent(Component.java:4825) ~[?:?]
	at java.awt.EventQueue.dispatchEventImpl(EventQueue.java:772) ~[?:?]
	at java.awt.EventQueue$4.run(EventQueue.java:721) ~[?:?]
	at java.awt.EventQueue$4.run(EventQueue.java:715) ~[?:?]
	at java.security.AccessController.doPrivileged(AccessController.java:391) [?:?]
	at java.security.ProtectionDomain$JavaSecurityAccessImpl.doIntersectionPrivilege(ProtectionDomain.java:85) ~[?:?]
	at java.security.ProtectionDomain$JavaSecurityAccessImpl.doIntersectionPrivilege(ProtectionDomain.java:95) ~[?:?]
	at java.awt.EventQueue$5.run(EventQueue.java:745) ~[?:?]
	at java.awt.EventQueue$5.run(EventQueue.java:743) ~[?:?]
	at java.security.AccessController.doPrivileged(AccessController.java:391) [?:?]
	at java.security.ProtectionDomain$JavaSecurityAccessImpl.doIntersectionPrivilege(ProtectionDomain.java:85) [?:?]
	at java.awt.EventQueue.dispatchEvent(EventQueue.java:742) [?:?]
	at java.awt.EventDispatchThread.pumpOneEventForFilters(EventDispatchThread.java:203) [?:?]
	at java.awt.EventDispatchThread.pumpEventsForFilter(EventDispatchThread.java:124) [?:?]
	at java.awt.EventDispatchThread.pumpEventsForHierarchy(EventDispatchThread.java:113) [?:?]
	at java.awt.EventDispatchThread.pumpEvents(EventDispatchThread.java:109) [?:?]
	at java.awt.EventDispatchThread.pumpEvents(EventDispatchThread.java:101) [?:?]
	at java.awt.EventDispatchThread.run(EventDispatchThread.java:90) [?:?]
Caused by: org.apache.xmlbeans.XmlException: error: The document is not a soapui-project@http://eviware.com/soapui/config: document element mismatch got rfcSignature@http://www.sap.com/aco
	at org.apache.xmlbeans.impl.store.Locale.verifyDocumentType(Locale.java:454) ~[xmlbeans-3.1.1-sb-fixed.jar:?]
	at org.apache.xmlbeans.impl.store.Locale.autoTypeDocument(Locale.java:359) ~[xmlbeans-3.1.1-sb-fixed.jar:?]
	at org.apache.xmlbeans.impl.store.Locale.parseToXmlObject(Locale.java:1275) ~[xmlbeans-3.1.1-sb-fixed.jar:?]
	at org.apache.xmlbeans.impl.store.Locale.parseToXmlObject(Locale.java:1259) ~[xmlbeans-3.1.1-sb-fixed.jar:?]
	at org.apache.xmlbeans.impl.schema.SchemaTypeLoaderBase.parse(SchemaTypeLoaderBase.java:345) ~[xmlbeans-3.1.1-sb-fixed.jar:?]
	at com.eviware.soapui.config.SoapuiProjectDocumentConfig$Factory.parse(SoapuiProjectDocumentConfig.java:71) ~[soapui-5.7.2.jar:5.7.2]
	at com.eviware.soapui.impl.wsdl.WsdlProject.loadProjectFromInputStream(WsdlProject.java:356) ~[soapui-5.7.2.jar:5.7.2]
	at com.eviware.soapui.impl.wsdl.WsdlProject.loadProject(WsdlProject.java:317) ~[soapui-5.7.2.jar:5.7.2]
	... 46 more
